{"C:\\Projects\\whatsapp-roll-bot\\src\\accessControl.ts": {"path":"C:\\Projects\\whatsapp-roll-bot\\src\\accessControl.ts","all":false,"statementMap":{"0":{"start":{"line":1,"column":0},"end":{"line":1,"column":3}},"1":{"start":{"line":2,"column":0},"end":{"line":2,"column":75}},"2":{"start":{"line":3,"column":0},"end":{"line":3,"column":72}},"3":{"start":{"line":4,"column":0},"end":{"line":4,"column":70}},"4":{"start":{"line":5,"column":0},"end":{"line":5,"column":3}},"5":{"start":{"line":6,"column":0},"end":{"line":6,"column":0}},"6":{"start":{"line":7,"column":0},"end":{"line":7,"column":28}},"7":{"start":{"line":8,"column":0},"end":{"line":8,"column":5}},"8":{"start":{"line":9,"column":0},"end":{"line":9,"column":55}},"9":{"start":{"line":10,"column":0},"end":{"line":10,"column":67}},"10":{"start":{"line":11,"column":0},"end":{"line":11,"column":63}},"11":{"start":{"line":12,"column":0},"end":{"line":12,"column":64}},"12":{"start":{"line":13,"column":0},"end":{"line":13,"column":5}},"13":{"start":{"line":14,"column":0},"end":{"line":14,"column":47}},"14":{"start":{"line":15,"column":0},"end":{"line":15,"column":15}},"15":{"start":{"line":16,"column":0},"end":{"line":16,"column":24}},"16":{"start":{"line":17,"column":0},"end":{"line":17,"column":22}},"17":{"start":{"line":18,"column":0},"end":{"line":18,"column":24}},"18":{"start":{"line":19,"column":0},"end":{"line":19,"column":24}},"19":{"start":{"line":20,"column":0},"end":{"line":20,"column":4}},"20":{"start":{"line":21,"column":0},"end":{"line":21,"column":15}},"21":{"start":{"line":22,"column":0},"end":{"line":22,"column":24}},"22":{"start":{"line":23,"column":0},"end":{"line":23,"column":24}},"23":{"start":{"line":24,"column":0},"end":{"line":24,"column":22}},"24":{"start":{"line":25,"column":0},"end":{"line":25,"column":24}},"25":{"start":{"line":26,"column":0},"end":{"line":26,"column":24}},"26":{"start":{"line":27,"column":0},"end":{"line":27,"column":4}},"27":{"start":{"line":28,"column":0},"end":{"line":28,"column":13}},"28":{"start":{"line":29,"column":0},"end":{"line":29,"column":22}},"29":{"start":{"line":30,"column":0},"end":{"line":30,"column":30}},"30":{"start":{"line":31,"column":0},"end":{"line":31,"column":24}},"31":{"start":{"line":32,"column":0},"end":{"line":32,"column":4}},"32":{"start":{"line":33,"column":0},"end":{"line":33,"column":11}},"33":{"start":{"line":34,"column":0},"end":{"line":34,"column":22}},"34":{"start":{"line":35,"column":0},"end":{"line":35,"column":24}},"35":{"start":{"line":36,"column":0},"end":{"line":36,"column":17}},"36":{"start":{"line":37,"column":0},"end":{"line":37,"column":26}},"37":{"start":{"line":38,"column":0},"end":{"line":38,"column":24}},"38":{"start":{"line":39,"column":0},"end":{"line":39,"column":26}},"39":{"start":{"line":40,"column":0},"end":{"line":40,"column":26}},"40":{"start":{"line":41,"column":0},"end":{"line":41,"column":6}},"41":{"start":{"line":42,"column":0},"end":{"line":42,"column":4}},"42":{"start":{"line":43,"column":0},"end":{"line":43,"column":13}},"43":{"start":{"line":44,"column":0},"end":{"line":44,"column":34}},"44":{"start":{"line":45,"column":0},"end":{"line":45,"column":34}},"45":{"start":{"line":46,"column":0},"end":{"line":46,"column":29}},"46":{"start":{"line":47,"column":0},"end":{"line":47,"column":4}},"47":{"start":{"line":48,"column":0},"end":{"line":48,"column":2}},"48":{"start":{"line":49,"column":0},"end":{"line":49,"column":0}},"49":{"start":{"line":50,"column":0},"end":{"line":50,"column":3}},"50":{"start":{"line":51,"column":0},"end":{"line":51,"column":66}},"51":{"start":{"line":52,"column":0},"end":{"line":52,"column":2}},"52":{"start":{"line":53,"column":0},"end":{"line":53,"column":59}},"53":{"start":{"line":54,"column":0},"end":{"line":54,"column":3}},"54":{"start":{"line":55,"column":0},"end":{"line":55,"column":65}},"55":{"start":{"line":56,"column":0},"end":{"line":56,"column":41}},"56":{"start":{"line":57,"column":0},"end":{"line":57,"column":41}},"57":{"start":{"line":58,"column":0},"end":{"line":58,"column":37}},"58":{"start":{"line":59,"column":0},"end":{"line":59,"column":33}},"59":{"start":{"line":60,"column":0},"end":{"line":60,"column":0}},"60":{"start":{"line":61,"column":0},"end":{"line":61,"column":83}},"61":{"start":{"line":62,"column":0},"end":{"line":62,"column":66}},"62":{"start":{"line":63,"column":0},"end":{"line":63,"column":73}},"63":{"start":{"line":64,"column":0},"end":{"line":64,"column":63}},"64":{"start":{"line":65,"column":0},"end":{"line":65,"column":0}},"65":{"start":{"line":66,"column":0},"end":{"line":66,"column":72}},"66":{"start":{"line":67,"column":0},"end":{"line":67,"column":59}},"67":{"start":{"line":68,"column":0},"end":{"line":68,"column":63}},"68":{"start":{"line":69,"column":0},"end":{"line":69,"column":32}},"69":{"start":{"line":70,"column":0},"end":{"line":70,"column":3}},"70":{"start":{"line":71,"column":0},"end":{"line":71,"column":0}},"71":{"start":{"line":72,"column":0},"end":{"line":72,"column":68}},"72":{"start":{"line":73,"column":0},"end":{"line":73,"column":59}},"73":{"start":{"line":74,"column":0},"end":{"line":74,"column":47}},"74":{"start":{"line":75,"column":0},"end":{"line":75,"column":3}},"75":{"start":{"line":76,"column":0},"end":{"line":76,"column":0}},"76":{"start":{"line":77,"column":0},"end":{"line":77,"column":56}},"77":{"start":{"line":78,"column":0},"end":{"line":78,"column":27}},"78":{"start":{"line":79,"column":0},"end":{"line":79,"column":52}},"79":{"start":{"line":80,"column":0},"end":{"line":80,"column":3}},"80":{"start":{"line":81,"column":0},"end":{"line":81,"column":0}},"81":{"start":{"line":82,"column":0},"end":{"line":82,"column":59}},"82":{"start":{"line":83,"column":0},"end":{"line":83,"column":32}},"83":{"start":{"line":84,"column":0},"end":{"line":84,"column":55}},"84":{"start":{"line":85,"column":0},"end":{"line":85,"column":3}},"85":{"start":{"line":86,"column":0},"end":{"line":86,"column":0}},"86":{"start":{"line":87,"column":0},"end":{"line":87,"column":56}},"87":{"start":{"line":88,"column":0},"end":{"line":88,"column":27}},"88":{"start":{"line":89,"column":0},"end":{"line":89,"column":52}},"89":{"start":{"line":90,"column":0},"end":{"line":90,"column":3}},"90":{"start":{"line":91,"column":0},"end":{"line":91,"column":0}},"91":{"start":{"line":92,"column":0},"end":{"line":92,"column":59}},"92":{"start":{"line":93,"column":0},"end":{"line":93,"column":32}},"93":{"start":{"line":94,"column":0},"end":{"line":94,"column":55}},"94":{"start":{"line":95,"column":0},"end":{"line":95,"column":3}},"95":{"start":{"line":96,"column":0},"end":{"line":96,"column":0}},"96":{"start":{"line":97,"column":0},"end":{"line":97,"column":54}},"97":{"start":{"line":98,"column":0},"end":{"line":98,"column":28}},"98":{"start":{"line":99,"column":0},"end":{"line":99,"column":52}},"99":{"start":{"line":100,"column":0},"end":{"line":100,"column":3}},"100":{"start":{"line":101,"column":0},"end":{"line":101,"column":0}},"101":{"start":{"line":102,"column":0},"end":{"line":102,"column":46}},"102":{"start":{"line":103,"column":0},"end":{"line":103,"column":48}},"103":{"start":{"line":104,"column":0},"end":{"line":104,"column":3}},"104":{"start":{"line":105,"column":0},"end":{"line":105,"column":0}},"105":{"start":{"line":106,"column":0},"end":{"line":106,"column":43}},"106":{"start":{"line":107,"column":0},"end":{"line":107,"column":27}},"107":{"start":{"line":108,"column":0},"end":{"line":108,"column":52}},"108":{"start":{"line":109,"column":0},"end":{"line":109,"column":3}},"109":{"start":{"line":110,"column":0},"end":{"line":110,"column":0}},"110":{"start":{"line":111,"column":0},"end":{"line":111,"column":60}},"111":{"start":{"line":112,"column":0},"end":{"line":112,"column":31}},"112":{"start":{"line":113,"column":0},"end":{"line":113,"column":56}},"113":{"start":{"line":114,"column":0},"end":{"line":114,"column":3}},"114":{"start":{"line":115,"column":0},"end":{"line":115,"column":0}},"115":{"start":{"line":116,"column":0},"end":{"line":116,"column":60}},"116":{"start":{"line":117,"column":0},"end":{"line":117,"column":31}},"117":{"start":{"line":118,"column":0},"end":{"line":118,"column":56}},"118":{"start":{"line":119,"column":0},"end":{"line":119,"column":3}},"119":{"start":{"line":120,"column":0},"end":{"line":120,"column":0}},"120":{"start":{"line":121,"column":0},"end":{"line":121,"column":75}},"121":{"start":{"line":122,"column":0},"end":{"line":122,"column":31}},"122":{"start":{"line":123,"column":0},"end":{"line":123,"column":75}},"123":{"start":{"line":124,"column":0},"end":{"line":124,"column":43}},"124":{"start":{"line":125,"column":0},"end":{"line":125,"column":71}},"125":{"start":{"line":126,"column":0},"end":{"line":126,"column":81}},"126":{"start":{"line":127,"column":0},"end":{"line":127,"column":31}},"127":{"start":{"line":128,"column":0},"end":{"line":128,"column":25}},"128":{"start":{"line":129,"column":0},"end":{"line":129,"column":66}},"129":{"start":{"line":130,"column":0},"end":{"line":130,"column":8}},"130":{"start":{"line":131,"column":0},"end":{"line":131,"column":66}},"131":{"start":{"line":132,"column":0},"end":{"line":132,"column":59}},"132":{"start":{"line":133,"column":0},"end":{"line":133,"column":5}},"133":{"start":{"line":134,"column":0},"end":{"line":134,"column":18}},"134":{"start":{"line":135,"column":0},"end":{"line":135,"column":17}},"135":{"start":{"line":136,"column":0},"end":{"line":136,"column":3}},"136":{"start":{"line":137,"column":0},"end":{"line":137,"column":0}},"137":{"start":{"line":138,"column":0},"end":{"line":138,"column":60}},"138":{"start":{"line":139,"column":0},"end":{"line":139,"column":66}},"139":{"start":{"line":140,"column":0},"end":{"line":140,"column":60}},"140":{"start":{"line":141,"column":0},"end":{"line":141,"column":3}},"141":{"start":{"line":142,"column":0},"end":{"line":142,"column":0}},"142":{"start":{"line":143,"column":0},"end":{"line":143,"column":51}},"143":{"start":{"line":144,"column":0},"end":{"line":144,"column":27}},"144":{"start":{"line":145,"column":0},"end":{"line":145,"column":66}},"145":{"start":{"line":146,"column":0},"end":{"line":146,"column":56}},"146":{"start":{"line":147,"column":0},"end":{"line":147,"column":17}},"147":{"start":{"line":148,"column":0},"end":{"line":148,"column":3}},"148":{"start":{"line":149,"column":0},"end":{"line":149,"column":0}},"149":{"start":{"line":150,"column":0},"end":{"line":150,"column":5}},"150":{"start":{"line":151,"column":0},"end":{"line":151,"column":75}},"151":{"start":{"line":152,"column":0},"end":{"line":152,"column":63}},"152":{"start":{"line":153,"column":0},"end":{"line":153,"column":5}},"153":{"start":{"line":154,"column":0},"end":{"line":154,"column":35}},"154":{"start":{"line":155,"column":0},"end":{"line":155,"column":18}},"155":{"start":{"line":156,"column":0},"end":{"line":156,"column":18}},"156":{"start":{"line":157,"column":0},"end":{"line":157,"column":22}},"157":{"start":{"line":158,"column":0},"end":{"line":158,"column":22}},"158":{"start":{"line":159,"column":0},"end":{"line":159,"column":6}},"159":{"start":{"line":160,"column":0},"end":{"line":160,"column":51}},"160":{"start":{"line":161,"column":0},"end":{"line":161,"column":57}},"161":{"start":{"line":162,"column":0},"end":{"line":162,"column":54}},"162":{"start":{"line":163,"column":0},"end":{"line":163,"column":48}},"163":{"start":{"line":164,"column":0},"end":{"line":164,"column":0}},"164":{"start":{"line":165,"column":0},"end":{"line":165,"column":54}},"165":{"start":{"line":166,"column":0},"end":{"line":166,"column":78}},"166":{"start":{"line":167,"column":0},"end":{"line":167,"column":62}},"167":{"start":{"line":168,"column":0},"end":{"line":168,"column":46}},"168":{"start":{"line":169,"column":0},"end":{"line":169,"column":0}},"169":{"start":{"line":170,"column":0},"end":{"line":170,"column":40}},"170":{"start":{"line":171,"column":0},"end":{"line":171,"column":0}},"171":{"start":{"line":172,"column":0},"end":{"line":172,"column":31}},"172":{"start":{"line":173,"column":0},"end":{"line":173,"column":84}},"173":{"start":{"line":174,"column":0},"end":{"line":174,"column":18}},"174":{"start":{"line":175,"column":0},"end":{"line":175,"column":5}},"175":{"start":{"line":176,"column":0},"end":{"line":176,"column":0}},"176":{"start":{"line":177,"column":0},"end":{"line":177,"column":89}},"177":{"start":{"line":178,"column":0},"end":{"line":178,"column":90}},"178":{"start":{"line":179,"column":0},"end":{"line":179,"column":36}},"179":{"start":{"line":180,"column":0},"end":{"line":180,"column":42}},"180":{"start":{"line":181,"column":0},"end":{"line":181,"column":44}},"181":{"start":{"line":182,"column":0},"end":{"line":182,"column":42}},"182":{"start":{"line":183,"column":0},"end":{"line":183,"column":42}},"183":{"start":{"line":184,"column":0},"end":{"line":184,"column":6}},"184":{"start":{"line":185,"column":0},"end":{"line":185,"column":0}},"185":{"start":{"line":186,"column":0},"end":{"line":186,"column":31}},"186":{"start":{"line":187,"column":0},"end":{"line":187,"column":79}},"187":{"start":{"line":188,"column":0},"end":{"line":188,"column":41}},"188":{"start":{"line":189,"column":0},"end":{"line":189,"column":34}},"189":{"start":{"line":190,"column":0},"end":{"line":190,"column":10}},"190":{"start":{"line":191,"column":0},"end":{"line":191,"column":37}},"191":{"start":{"line":192,"column":0},"end":{"line":192,"column":69}},"192":{"start":{"line":193,"column":0},"end":{"line":193,"column":7}},"193":{"start":{"line":194,"column":0},"end":{"line":194,"column":20}},"194":{"start":{"line":195,"column":0},"end":{"line":195,"column":63}},"195":{"start":{"line":196,"column":0},"end":{"line":196,"column":54}},"196":{"start":{"line":197,"column":0},"end":{"line":197,"column":49}},"197":{"start":{"line":198,"column":0},"end":{"line":198,"column":19}},"198":{"start":{"line":199,"column":0},"end":{"line":199,"column":5}},"199":{"start":{"line":200,"column":0},"end":{"line":200,"column":0}},"200":{"start":{"line":201,"column":0},"end":{"line":201,"column":84}},"201":{"start":{"line":202,"column":0},"end":{"line":202,"column":38}},"202":{"start":{"line":203,"column":0},"end":{"line":203,"column":100}},"203":{"start":{"line":204,"column":0},"end":{"line":204,"column":18}},"204":{"start":{"line":205,"column":0},"end":{"line":205,"column":61}},"205":{"start":{"line":206,"column":0},"end":{"line":206,"column":52}},"206":{"start":{"line":207,"column":0},"end":{"line":207,"column":47}},"207":{"start":{"line":208,"column":0},"end":{"line":208,"column":17}},"208":{"start":{"line":209,"column":0},"end":{"line":209,"column":3}},"209":{"start":{"line":210,"column":0},"end":{"line":210,"column":0}},"210":{"start":{"line":211,"column":0},"end":{"line":211,"column":10}},"211":{"start":{"line":212,"column":0},"end":{"line":212,"column":25}},"212":{"start":{"line":213,"column":0},"end":{"line":213,"column":23}},"213":{"start":{"line":214,"column":0},"end":{"line":214,"column":25}},"214":{"start":{"line":215,"column":0},"end":{"line":215,"column":23}},"215":{"start":{"line":216,"column":0},"end":{"line":216,"column":22}},"216":{"start":{"line":217,"column":0},"end":{"line":217,"column":12}},"217":{"start":{"line":218,"column":0},"end":{"line":218,"column":25}},"218":{"start":{"line":219,"column":0},"end":{"line":219,"column":25}},"219":{"start":{"line":220,"column":0},"end":{"line":220,"column":26}},"220":{"start":{"line":221,"column":0},"end":{"line":221,"column":25}},"221":{"start":{"line":222,"column":0},"end":{"line":222,"column":20}},"222":{"start":{"line":223,"column":0},"end":{"line":223,"column":21}},"223":{"start":{"line":224,"column":0},"end":{"line":224,"column":4}},"224":{"start":{"line":225,"column":0},"end":{"line":225,"column":1}}},"s":{"0":1,"1":1,"2":1,"3":1,"4":1,"5":1,"6":1,"7":1,"8":1,"9":1,"10":1,"11":1,"12":1,"13":1,"14":1,"15":1,"16":1,"17":1,"18":1,"19":1,"20":1,"21":1,"22":1,"23":1,"24":1,"25":1,"26":1,"27":1,"28":1,"29":1,"30":1,"31":1,"32":1,"33":1,"34":1,"35":1,"36":1,"37":1,"38":1,"39":1,"40":1,"41":1,"42":1,"43":1,"44":1,"45":1,"46":1,"47":1,"48":1,"49":1,"50":1,"51":1,"52":1,"53":1,"54":11,"55":11,"56":11,"57":11,"58":11,"59":11,"60":11,"61":11,"62":11,"63":11,"64":11,"65":11,"66":30,"67":30,"68":19,"69":19,"70":11,"71":11,"72":7,"73":0,"74":0,"75":11,"76":11,"77":4,"78":4,"79":4,"80":11,"81":11,"82":2,"83":2,"84":2,"85":11,"86":11,"87":7,"88":7,"89":7,"90":11,"91":11,"92":2,"93":2,"94":2,"95":11,"96":11,"97":7,"98":7,"99":7,"100":11,"101":11,"102":7,"103":7,"104":11,"105":11,"106":7,"107":7,"108":7,"109":11,"110":11,"111":2,"112":2,"113":2,"114":11,"115":11,"116":0,"117":0,"118":0,"119":11,"120":11,"121":7,"122":7,"123":7,"124":7,"125":7,"126":7,"127":7,"128":7,"129":7,"130":7,"131":2,"132":7,"133":7,"134":2,"135":2,"136":11,"137":11,"138":2,"139":2,"140":2,"141":11,"142":11,"143":1,"144":1,"145":0,"146":0,"147":0,"148":11,"149":11,"150":11,"151":11,"152":11,"153":11,"154":7,"155":7,"156":7,"157":7,"158":7,"159":7,"160":7,"161":7,"162":7,"163":7,"164":7,"165":7,"166":7,"167":7,"168":6,"169":7,"170":7,"171":7,"172":0,"173":0,"174":0,"175":6,"176":6,"177":6,"178":6,"179":7,"180":7,"181":7,"182":7,"183":7,"184":7,"185":7,"186":0,"187":0,"188":0,"189":0,"190":0,"191":0,"192":0,"193":0,"194":0,"195":0,"196":0,"197":0,"198":0,"199":6,"200":6,"201":7,"202":7,"203":7,"204":7,"205":7,"206":7,"207":2,"208":2,"209":11,"210":11,"211":11,"212":11,"213":11,"214":11,"215":11,"216":11,"217":11,"218":11,"219":11,"220":11,"221":11,"222":11,"223":11,"224":11},"branchMap":{"0":{"type":"branch","line":55,"loc":{"start":{"line":55,"column":0},"end":{"line":225,"column":1}},"locations":[{"start":{"line":55,"column":0},"end":{"line":225,"column":1}}]},"1":{"type":"branch","line":56,"loc":{"start":{"line":56,"column":23},"end":{"line":56,"column":34}},"locations":[{"start":{"line":56,"column":23},"end":{"line":56,"column":34}}]},"2":{"type":"branch","line":56,"loc":{"start":{"line":56,"column":34},"end":{"line":56,"column":40}},"locations":[{"start":{"line":56,"column":34},"end":{"line":56,"column":40}}]},"3":{"type":"branch","line":57,"loc":{"start":{"line":57,"column":23},"end":{"line":57,"column":34}},"locations":[{"start":{"line":57,"column":23},"end":{"line":57,"column":34}}]},"4":{"type":"branch","line":57,"loc":{"start":{"line":57,"column":34},"end":{"line":57,"column":40}},"locations":[{"start":{"line":57,"column":34},"end":{"line":57,"column":40}}]},"5":{"type":"branch","line":58,"loc":{"start":{"line":58,"column":21},"end":{"line":58,"column":30}},"locations":[{"start":{"line":58,"column":21},"end":{"line":58,"column":30}}]},"6":{"type":"branch","line":58,"loc":{"start":{"line":58,"column":30},"end":{"line":58,"column":36}},"locations":[{"start":{"line":58,"column":30},"end":{"line":58,"column":36}}]},"7":{"type":"branch","line":59,"loc":{"start":{"line":59,"column":19},"end":{"line":59,"column":26}},"locations":[{"start":{"line":59,"column":19},"end":{"line":59,"column":26}}]},"8":{"type":"branch","line":59,"loc":{"start":{"line":59,"column":26},"end":{"line":59,"column":32}},"locations":[{"start":{"line":59,"column":26},"end":{"line":59,"column":32}}]},"9":{"type":"branch","line":61,"loc":{"start":{"line":61,"column":46},"end":{"line":61,"column":52}},"locations":[{"start":{"line":61,"column":46},"end":{"line":61,"column":52}}]},"10":{"type":"branch","line":62,"loc":{"start":{"line":62,"column":34},"end":{"line":62,"column":43}},"locations":[{"start":{"line":62,"column":34},"end":{"line":62,"column":43}}]},"11":{"type":"branch","line":62,"loc":{"start":{"line":62,"column":43},"end":{"line":62,"column":64}},"locations":[{"start":{"line":62,"column":43},"end":{"line":62,"column":64}}]},"12":{"type":"branch","line":63,"loc":{"start":{"line":63,"column":41},"end":{"line":63,"column":50}},"locations":[{"start":{"line":63,"column":41},"end":{"line":63,"column":50}}]},"13":{"type":"branch","line":63,"loc":{"start":{"line":63,"column":50},"end":{"line":63,"column":71}},"locations":[{"start":{"line":63,"column":50},"end":{"line":63,"column":71}}]},"14":{"type":"branch","line":64,"loc":{"start":{"line":64,"column":36},"end":{"line":64,"column":45}},"locations":[{"start":{"line":64,"column":36},"end":{"line":64,"column":45}}]},"15":{"type":"branch","line":64,"loc":{"start":{"line":64,"column":45},"end":{"line":64,"column":61}},"locations":[{"start":{"line":64,"column":45},"end":{"line":64,"column":61}}]},"16":{"type":"branch","line":61,"loc":{"start":{"line":61,"column":58},"end":{"line":61,"column":81}},"locations":[{"start":{"line":61,"column":58},"end":{"line":61,"column":81}}]},"17":{"type":"branch","line":66,"loc":{"start":{"line":66,"column":2},"end":{"line":70,"column":3}},"locations":[{"start":{"line":66,"column":2},"end":{"line":70,"column":3}}]},"18":{"type":"branch","line":67,"loc":{"start":{"line":67,"column":23},"end":{"line":67,"column":44}},"locations":[{"start":{"line":67,"column":23},"end":{"line":67,"column":44}}]},"19":{"type":"branch","line":67,"loc":{"start":{"line":67,"column":46},"end":{"line":67,"column":59}},"locations":[{"start":{"line":67,"column":46},"end":{"line":67,"column":59}}]},"20":{"type":"branch","line":68,"loc":{"start":{"line":68,"column":-1},"end":{"line":68,"column":29}},"locations":[{"start":{"line":68,"column":-1},"end":{"line":68,"column":29}}]},"21":{"type":"branch","line":68,"loc":{"start":{"line":68,"column":22},"end":{"line":68,"column":63}},"locations":[{"start":{"line":68,"column":22},"end":{"line":68,"column":63}}]},"22":{"type":"branch","line":69,"loc":{"start":{"line":69,"column":-1},"end":{"line":70,"column":3}},"locations":[{"start":{"line":69,"column":-1},"end":{"line":70,"column":3}}]},"23":{"type":"branch","line":72,"loc":{"start":{"line":72,"column":2},"end":{"line":75,"column":3}},"locations":[{"start":{"line":72,"column":2},"end":{"line":75,"column":3}}]},"24":{"type":"branch","line":73,"loc":{"start":{"line":73,"column":23},"end":{"line":73,"column":44}},"locations":[{"start":{"line":73,"column":23},"end":{"line":73,"column":44}}]},"25":{"type":"branch","line":74,"loc":{"start":{"line":74,"column":-1},"end":{"line":75,"column":3}},"locations":[{"start":{"line":74,"column":-1},"end":{"line":75,"column":3}}]},"26":{"type":"branch","line":77,"loc":{"start":{"line":77,"column":2},"end":{"line":80,"column":3}},"locations":[{"start":{"line":77,"column":2},"end":{"line":80,"column":3}}]},"27":{"type":"branch","line":78,"loc":{"start":{"line":78,"column":14},"end":{"line":78,"column":27}},"locations":[{"start":{"line":78,"column":14},"end":{"line":78,"column":27}}]},"28":{"type":"branch","line":82,"loc":{"start":{"line":82,"column":2},"end":{"line":85,"column":3}},"locations":[{"start":{"line":82,"column":2},"end":{"line":85,"column":3}}]},"29":{"type":"branch","line":83,"loc":{"start":{"line":83,"column":19},"end":{"line":83,"column":32}},"locations":[{"start":{"line":83,"column":19},"end":{"line":83,"column":32}}]},"30":{"type":"branch","line":87,"loc":{"start":{"line":87,"column":2},"end":{"line":90,"column":3}},"locations":[{"start":{"line":87,"column":2},"end":{"line":90,"column":3}}]},"31":{"type":"branch","line":88,"loc":{"start":{"line":88,"column":14},"end":{"line":88,"column":27}},"locations":[{"start":{"line":88,"column":14},"end":{"line":88,"column":27}}]},"32":{"type":"branch","line":92,"loc":{"start":{"line":92,"column":2},"end":{"line":95,"column":3}},"locations":[{"start":{"line":92,"column":2},"end":{"line":95,"column":3}}]},"33":{"type":"branch","line":93,"loc":{"start":{"line":93,"column":19},"end":{"line":93,"column":32}},"locations":[{"start":{"line":93,"column":19},"end":{"line":93,"column":32}}]},"34":{"type":"branch","line":97,"loc":{"start":{"line":97,"column":2},"end":{"line":100,"column":3}},"locations":[{"start":{"line":97,"column":2},"end":{"line":100,"column":3}}]},"35":{"type":"branch","line":98,"loc":{"start":{"line":98,"column":15},"end":{"line":98,"column":28}},"locations":[{"start":{"line":98,"column":15},"end":{"line":98,"column":28}}]},"36":{"type":"branch","line":99,"loc":{"start":{"line":99,"column":33},"end":{"line":99,"column":50}},"locations":[{"start":{"line":99,"column":33},"end":{"line":99,"column":50}}]},"37":{"type":"branch","line":102,"loc":{"start":{"line":102,"column":2},"end":{"line":104,"column":3}},"locations":[{"start":{"line":102,"column":2},"end":{"line":104,"column":3}}]},"38":{"type":"branch","line":106,"loc":{"start":{"line":106,"column":2},"end":{"line":109,"column":3}},"locations":[{"start":{"line":106,"column":2},"end":{"line":109,"column":3}}]},"39":{"type":"branch","line":107,"loc":{"start":{"line":107,"column":14},"end":{"line":107,"column":27}},"locations":[{"start":{"line":107,"column":14},"end":{"line":107,"column":27}}]},"40":{"type":"branch","line":108,"loc":{"start":{"line":108,"column":39},"end":{"line":108,"column":45}},"locations":[{"start":{"line":108,"column":39},"end":{"line":108,"column":45}}]},"41":{"type":"branch","line":111,"loc":{"start":{"line":111,"column":2},"end":{"line":114,"column":3}},"locations":[{"start":{"line":111,"column":2},"end":{"line":114,"column":3}}]},"42":{"type":"branch","line":112,"loc":{"start":{"line":112,"column":18},"end":{"line":112,"column":31}},"locations":[{"start":{"line":112,"column":18},"end":{"line":112,"column":31}}]},"43":{"type":"branch","line":121,"loc":{"start":{"line":121,"column":2},"end":{"line":136,"column":3}},"locations":[{"start":{"line":121,"column":2},"end":{"line":136,"column":3}}]},"44":{"type":"branch","line":122,"loc":{"start":{"line":122,"column":18},"end":{"line":122,"column":31}},"locations":[{"start":{"line":122,"column":18},"end":{"line":122,"column":31}}]},"45":{"type":"branch","line":124,"loc":{"start":{"line":124,"column":36},"end":{"line":124,"column":42}},"locations":[{"start":{"line":124,"column":36},"end":{"line":124,"column":42}}]},"46":{"type":"branch","line":125,"loc":{"start":{"line":125,"column":58},"end":{"line":125,"column":71}},"locations":[{"start":{"line":125,"column":58},"end":{"line":125,"column":71}}]},"47":{"type":"branch","line":128,"loc":{"start":{"line":128,"column":13},"end":{"line":128,"column":25}},"locations":[{"start":{"line":128,"column":13},"end":{"line":128,"column":25}}]},"48":{"type":"branch","line":129,"loc":{"start":{"line":129,"column":19},"end":{"line":129,"column":52}},"locations":[{"start":{"line":129,"column":19},"end":{"line":129,"column":52}}]},"49":{"type":"branch","line":129,"loc":{"start":{"line":129,"column":54},"end":{"line":129,"column":66}},"locations":[{"start":{"line":129,"column":54},"end":{"line":129,"column":66}}]},"50":{"type":"branch","line":131,"loc":{"start":{"line":131,"column":63},"end":{"line":132,"column":59}},"locations":[{"start":{"line":131,"column":63},"end":{"line":132,"column":59}}]},"51":{"type":"branch","line":132,"loc":{"start":{"line":132,"column":18},"end":{"line":132,"column":25}},"locations":[{"start":{"line":132,"column":18},"end":{"line":132,"column":25}}]},"52":{"type":"branch","line":132,"loc":{"start":{"line":132,"column":25},"end":{"line":132,"column":58}},"locations":[{"start":{"line":132,"column":25},"end":{"line":132,"column":58}}]},"53":{"type":"branch","line":134,"loc":{"start":{"line":134,"column":6},"end":{"line":136,"column":3}},"locations":[{"start":{"line":134,"column":6},"end":{"line":136,"column":3}}]},"54":{"type":"branch","line":135,"loc":{"start":{"line":135,"column":-1},"end":{"line":136,"column":3}},"locations":[{"start":{"line":135,"column":-1},"end":{"line":136,"column":3}}]},"55":{"type":"branch","line":138,"loc":{"start":{"line":138,"column":2},"end":{"line":141,"column":3}},"locations":[{"start":{"line":138,"column":2},"end":{"line":141,"column":3}}]},"56":{"type":"branch","line":139,"loc":{"start":{"line":139,"column":27},"end":{"line":139,"column":39}},"locations":[{"start":{"line":139,"column":27},"end":{"line":139,"column":39}}]},"57":{"type":"branch","line":143,"loc":{"start":{"line":143,"column":2},"end":{"line":148,"column":3}},"locations":[{"start":{"line":143,"column":2},"end":{"line":148,"column":3}}]},"58":{"type":"branch","line":144,"loc":{"start":{"line":144,"column":14},"end":{"line":144,"column":27}},"locations":[{"start":{"line":144,"column":14},"end":{"line":144,"column":27}}]},"59":{"type":"branch","line":146,"loc":{"start":{"line":146,"column":-1},"end":{"line":148,"column":3}},"locations":[{"start":{"line":146,"column":-1},"end":{"line":148,"column":3}}]},"60":{"type":"branch","line":154,"loc":{"start":{"line":154,"column":2},"end":{"line":209,"column":3}},"locations":[{"start":{"line":154,"column":2},"end":{"line":209,"column":3}}]},"61":{"type":"branch","line":162,"loc":{"start":{"line":162,"column":27},"end":{"line":162,"column":39}},"locations":[{"start":{"line":162,"column":27},"end":{"line":162,"column":39}}]},"62":{"type":"branch","line":162,"loc":{"start":{"line":162,"column":41},"end":{"line":162,"column":54}},"locations":[{"start":{"line":162,"column":41},"end":{"line":162,"column":54}}]},"63":{"type":"branch","line":163,"loc":{"start":{"line":163,"column":22},"end":{"line":163,"column":33}},"locations":[{"start":{"line":163,"column":22},"end":{"line":163,"column":33}}]},"64":{"type":"branch","line":163,"loc":{"start":{"line":163,"column":35},"end":{"line":163,"column":48}},"locations":[{"start":{"line":163,"column":35},"end":{"line":163,"column":48}}]},"65":{"type":"branch","line":166,"loc":{"start":{"line":166,"column":65},"end":{"line":166,"column":78}},"locations":[{"start":{"line":166,"column":65},"end":{"line":166,"column":78}}]},"66":{"type":"branch","line":167,"loc":{"start":{"line":167,"column":15},"end":{"line":167,"column":47}},"locations":[{"start":{"line":167,"column":15},"end":{"line":167,"column":47}}]},"67":{"type":"branch","line":167,"loc":{"start":{"line":167,"column":49},"end":{"line":167,"column":62}},"locations":[{"start":{"line":167,"column":49},"end":{"line":167,"column":62}}]},"68":{"type":"branch","line":168,"loc":{"start":{"line":168,"column":33},"end":{"line":168,"column":46}},"locations":[{"start":{"line":168,"column":33},"end":{"line":168,"column":46}}]},"69":{"type":"branch","line":169,"loc":{"start":{"line":169,"column":-1},"end":{"line":170,"column":20}},"locations":[{"start":{"line":169,"column":-1},"end":{"line":170,"column":20}}]},"70":{"type":"branch","line":170,"loc":{"start":{"line":170,"column":20},"end":{"line":170,"column":26}},"locations":[{"start":{"line":170,"column":20},"end":{"line":170,"column":26}}]},"71":{"type":"branch","line":170,"loc":{"start":{"line":170,"column":26},"end":{"line":170,"column":39}},"locations":[{"start":{"line":170,"column":26},"end":{"line":170,"column":39}}]},"72":{"type":"branch","line":172,"loc":{"start":{"line":172,"column":30},"end":{"line":175,"column":5}},"locations":[{"start":{"line":172,"column":30},"end":{"line":175,"column":5}}]},"73":{"type":"branch","line":176,"loc":{"start":{"line":176,"column":-1},"end":{"line":180,"column":31}},"locations":[{"start":{"line":176,"column":-1},"end":{"line":180,"column":31}}]},"74":{"type":"branch","line":180,"loc":{"start":{"line":180,"column":39},"end":{"line":181,"column":41}},"locations":[{"start":{"line":180,"column":39},"end":{"line":181,"column":41}}]},"75":{"type":"branch","line":181,"loc":{"start":{"line":181,"column":27},"end":{"line":181,"column":33}},"locations":[{"start":{"line":181,"column":27},"end":{"line":181,"column":33}}]},"76":{"type":"branch","line":181,"loc":{"start":{"line":181,"column":41},"end":{"line":182,"column":39}},"locations":[{"start":{"line":181,"column":41},"end":{"line":182,"column":39}}]},"77":{"type":"branch","line":182,"loc":{"start":{"line":182,"column":25},"end":{"line":182,"column":31}},"locations":[{"start":{"line":182,"column":25},"end":{"line":182,"column":31}}]},"78":{"type":"branch","line":182,"loc":{"start":{"line":182,"column":39},"end":{"line":183,"column":41}},"locations":[{"start":{"line":182,"column":39},"end":{"line":183,"column":41}}]},"79":{"type":"branch","line":186,"loc":{"start":{"line":186,"column":30},"end":{"line":199,"column":5}},"locations":[{"start":{"line":186,"column":30},"end":{"line":199,"column":5}}]},"80":{"type":"branch","line":200,"loc":{"start":{"line":200,"column":-1},"end":{"line":202,"column":33}},"locations":[{"start":{"line":200,"column":-1},"end":{"line":202,"column":33}}]},"81":{"type":"branch","line":202,"loc":{"start":{"line":202,"column":26},"end":{"line":202,"column":38}},"locations":[{"start":{"line":202,"column":26},"end":{"line":202,"column":38}}]},"82":{"type":"branch","line":203,"loc":{"start":{"line":203,"column":-1},"end":{"line":203,"column":38}},"locations":[{"start":{"line":203,"column":-1},"end":{"line":203,"column":38}}]},"83":{"type":"branch","line":203,"loc":{"start":{"line":203,"column":34},"end":{"line":203,"column":99}},"locations":[{"start":{"line":203,"column":34},"end":{"line":203,"column":99}}]},"84":{"type":"branch","line":203,"loc":{"start":{"line":203,"column":57},"end":{"line":203,"column":98}},"locations":[{"start":{"line":203,"column":57},"end":{"line":203,"column":98}}]},"85":{"type":"branch","line":204,"loc":{"start":{"line":204,"column":6},"end":{"line":204,"column":18}},"locations":[{"start":{"line":204,"column":6},"end":{"line":204,"column":18}}]},"86":{"type":"branch","line":205,"loc":{"start":{"line":205,"column":-1},"end":{"line":205,"column":19}},"locations":[{"start":{"line":205,"column":-1},"end":{"line":205,"column":19}}]},"87":{"type":"branch","line":205,"loc":{"start":{"line":205,"column":15},"end":{"line":205,"column":47}},"locations":[{"start":{"line":205,"column":15},"end":{"line":205,"column":47}}]},"88":{"type":"branch","line":205,"loc":{"start":{"line":205,"column":49},"end":{"line":205,"column":61}},"locations":[{"start":{"line":205,"column":49},"end":{"line":205,"column":61}}]},"89":{"type":"branch","line":206,"loc":{"start":{"line":206,"column":-1},"end":{"line":206,"column":25}},"locations":[{"start":{"line":206,"column":-1},"end":{"line":206,"column":25}}]},"90":{"type":"branch","line":206,"loc":{"start":{"line":206,"column":21},"end":{"line":206,"column":27}},"locations":[{"start":{"line":206,"column":21},"end":{"line":206,"column":27}}]},"91":{"type":"branch","line":207,"loc":{"start":{"line":207,"column":35},"end":{"line":207,"column":47}},"locations":[{"start":{"line":207,"column":35},"end":{"line":207,"column":47}}]},"92":{"type":"branch","line":208,"loc":{"start":{"line":208,"column":-1},"end":{"line":209,"column":3}},"locations":[{"start":{"line":208,"column":-1},"end":{"line":209,"column":3}}]}},"b":{"0":[11],"1":[10],"2":[9],"3":[10],"4":[10],"5":[10],"6":[8],"7":[10],"8":[4],"9":[10],"10":[10],"11":[0],"12":[10],"13":[0],"14":[10],"15":[0],"16":[1],"17":[30],"18":[19],"19":[11],"20":[19],"21":[0],"22":[19],"23":[7],"24":[0],"25":[0],"26":[4],"27":[0],"28":[2],"29":[0],"30":[7],"31":[0],"32":[2],"33":[0],"34":[7],"35":[0],"36":[2],"37":[7],"38":[7],"39":[0],"40":[0],"41":[2],"42":[0],"43":[7],"44":[0],"45":[0],"46":[0],"47":[0],"48":[0],"49":[0],"50":[2],"51":[0],"52":[0],"53":[5],"54":[2],"55":[2],"56":[0],"57":[1],"58":[0],"59":[0],"60":[7],"61":[0],"62":[0],"63":[0],"64":[0],"65":[0],"66":[2],"67":[0],"68":[1],"69":[6],"70":[5],"71":[6],"72":[0],"73":[6],"74":[6],"75":[4],"76":[4],"77":[2],"78":[2],"79":[0],"80":[6],"81":[2],"82":[4],"83":[3],"84":[0],"85":[1],"86":[3],"87":[2],"88":[1],"89":[2],"90":[0],"91":[0],"92":[2]},"fnMap":{"0":{"name":"createAccessControl","decl":{"start":{"line":55,"column":0},"end":{"line":225,"column":1}},"loc":{"start":{"line":55,"column":0},"end":{"line":225,"column":1}},"line":55},"1":{"name":"matchWithOption","decl":{"start":{"line":66,"column":2},"end":{"line":70,"column":3}},"loc":{"start":{"line":66,"column":2},"end":{"line":70,"column":3}},"line":66},"2":{"name":"matchPrefix","decl":{"start":{"line":72,"column":2},"end":{"line":75,"column":3}},"loc":{"start":{"line":72,"column":2},"end":{"line":75,"column":3}},"line":72},"3":{"name":"isContactWhitelisted","decl":{"start":{"line":77,"column":2},"end":{"line":80,"column":3}},"loc":{"start":{"line":77,"column":2},"end":{"line":80,"column":3}},"line":77},"4":{"name":"isGroupWhitelisted","decl":{"start":{"line":82,"column":2},"end":{"line":85,"column":3}},"loc":{"start":{"line":82,"column":2},"end":{"line":85,"column":3}},"line":82},"5":{"name":"isContactBlacklisted","decl":{"start":{"line":87,"column":2},"end":{"line":90,"column":3}},"loc":{"start":{"line":87,"column":2},"end":{"line":90,"column":3}},"line":87},"6":{"name":"isGroupBlacklisted","decl":{"start":{"line":92,"column":2},"end":{"line":95,"column":3}},"loc":{"start":{"line":92,"column":2},"end":{"line":95,"column":3}},"line":92},"7":{"name":"isTextBlacklisted","decl":{"start":{"line":97,"column":2},"end":{"line":100,"column":3}},"loc":{"start":{"line":97,"column":2},"end":{"line":100,"column":3}},"line":97},"8":{"name":"isPrefixBlacklisted","decl":{"start":{"line":102,"column":2},"end":{"line":104,"column":3}},"loc":{"start":{"line":102,"column":2},"end":{"line":104,"column":3}},"line":102},"9":{"name":"isAdmin","decl":{"start":{"line":106,"column":2},"end":{"line":109,"column":3}},"loc":{"start":{"line":106,"column":2},"end":{"line":109,"column":3}},"line":106},"10":{"name":"isCommandWhitelisted","decl":{"start":{"line":111,"column":2},"end":{"line":114,"column":3}},"loc":{"start":{"line":111,"column":2},"end":{"line":114,"column":3}},"line":111},"11":{"name":"isCommandBlacklisted","decl":{"start":{"line":116,"column":2},"end":{"line":119,"column":3}},"loc":{"start":{"line":116,"column":2},"end":{"line":119,"column":3}},"line":116},"12":{"name":"isAdminCommandAllowed","decl":{"start":{"line":121,"column":2},"end":{"line":136,"column":3}},"loc":{"start":{"line":121,"column":2},"end":{"line":136,"column":3}},"line":121},"13":{"name":"checkPairingPasscode","decl":{"start":{"line":138,"column":2},"end":{"line":141,"column":3}},"loc":{"start":{"line":138,"column":2},"end":{"line":141,"column":3}},"line":138},"14":{"name":"isTrustedNumber","decl":{"start":{"line":143,"column":2},"end":{"line":148,"column":3}},"loc":{"start":{"line":143,"column":2},"end":{"line":148,"column":3}},"line":143},"15":{"name":"isMessageAllowed","decl":{"start":{"line":154,"column":2},"end":{"line":209,"column":3}},"loc":{"start":{"line":154,"column":2},"end":{"line":209,"column":3}},"line":154}},"f":{"0":11,"1":30,"2":7,"3":4,"4":2,"5":7,"6":2,"7":7,"8":7,"9":7,"10":2,"11":0,"12":7,"13":2,"14":1,"15":7}}
,"C:\\Projects\\whatsapp-roll-bot\\src\\admin.ts": {"path":"C:\\Projects\\whatsapp-roll-bot\\src\\admin.ts","all":false,"statementMap":{"0":{"start":{"line":1,"column":0},"end":{"line":1,"column":43}},"1":{"start":{"line":2,"column":0},"end":{"line":2,"column":51}},"2":{"start":{"line":3,"column":0},"end":{"line":3,"column":43}},"3":{"start":{"line":4,"column":0},"end":{"line":4,"column":0}},"4":{"start":{"line":5,"column":0},"end":{"line":5,"column":3}},"5":{"start":{"line":6,"column":0},"end":{"line":6,"column":18}},"6":{"start":{"line":7,"column":0},"end":{"line":7,"column":2}},"7":{"start":{"line":8,"column":0},"end":{"line":8,"column":74}},"8":{"start":{"line":9,"column":0},"end":{"line":9,"column":78}},"9":{"start":{"line":10,"column":0},"end":{"line":10,"column":71}},"10":{"start":{"line":11,"column":0},"end":{"line":11,"column":24}},"11":{"start":{"line":12,"column":0},"end":{"line":12,"column":2}},"12":{"start":{"line":13,"column":0},"end":{"line":13,"column":16}},"13":{"start":{"line":14,"column":0},"end":{"line":14,"column":3}},"14":{"start":{"line":15,"column":0},"end":{"line":15,"column":0}},"15":{"start":{"line":16,"column":0},"end":{"line":16,"column":3}},"16":{"start":{"line":17,"column":0},"end":{"line":17,"column":59}},"17":{"start":{"line":18,"column":0},"end":{"line":18,"column":74}},"18":{"start":{"line":19,"column":0},"end":{"line":19,"column":57}},"19":{"start":{"line":20,"column":0},"end":{"line":20,"column":2}},"20":{"start":{"line":21,"column":0},"end":{"line":21,"column":53}},"21":{"start":{"line":22,"column":0},"end":{"line":22,"column":63}},"22":{"start":{"line":23,"column":0},"end":{"line":23,"column":64}},"23":{"start":{"line":24,"column":0},"end":{"line":24,"column":3}},"24":{"start":{"line":25,"column":0},"end":{"line":25,"column":92}},"25":{"start":{"line":26,"column":0},"end":{"line":26,"column":7}},"26":{"start":{"line":27,"column":0},"end":{"line":27,"column":42}},"27":{"start":{"line":28,"column":0},"end":{"line":28,"column":21}},"28":{"start":{"line":29,"column":0},"end":{"line":29,"column":21}},"29":{"start":{"line":30,"column":0},"end":{"line":30,"column":70}},"30":{"start":{"line":31,"column":0},"end":{"line":31,"column":6}},"31":{"start":{"line":32,"column":0},"end":{"line":32,"column":51}},"32":{"start":{"line":33,"column":0},"end":{"line":33,"column":67}},"33":{"start":{"line":34,"column":0},"end":{"line":34,"column":14}},"34":{"start":{"line":35,"column":0},"end":{"line":35,"column":15}},"35":{"start":{"line":36,"column":0},"end":{"line":36,"column":15}},"36":{"start":{"line":37,"column":0},"end":{"line":37,"column":13}},"37":{"start":{"line":38,"column":0},"end":{"line":38,"column":93}},"38":{"start":{"line":39,"column":0},"end":{"line":39,"column":6}},"39":{"start":{"line":40,"column":0},"end":{"line":40,"column":17}},"40":{"start":{"line":41,"column":0},"end":{"line":41,"column":3}},"41":{"start":{"line":42,"column":0},"end":{"line":42,"column":1}},"42":{"start":{"line":43,"column":0},"end":{"line":43,"column":0}},"43":{"start":{"line":44,"column":0},"end":{"line":44,"column":3}},"44":{"start":{"line":45,"column":0},"end":{"line":45,"column":61}},"45":{"start":{"line":46,"column":0},"end":{"line":46,"column":2}},"46":{"start":{"line":47,"column":0},"end":{"line":47,"column":53}},"47":{"start":{"line":48,"column":0},"end":{"line":48,"column":64}},"48":{"start":{"line":49,"column":0},"end":{"line":49,"column":3}},"49":{"start":{"line":50,"column":0},"end":{"line":50,"column":76}},"50":{"start":{"line":51,"column":0},"end":{"line":51,"column":7}},"51":{"start":{"line":52,"column":0},"end":{"line":52,"column":42}},"52":{"start":{"line":53,"column":0},"end":{"line":53,"column":49}},"53":{"start":{"line":54,"column":0},"end":{"line":54,"column":47}},"54":{"start":{"line":55,"column":0},"end":{"line":55,"column":54}},"55":{"start":{"line":56,"column":0},"end":{"line":56,"column":14}},"56":{"start":{"line":57,"column":0},"end":{"line":57,"column":15}},"57":{"start":{"line":58,"column":0},"end":{"line":58,"column":15}},"58":{"start":{"line":59,"column":0},"end":{"line":59,"column":13}},"59":{"start":{"line":60,"column":0},"end":{"line":60,"column":91}},"60":{"start":{"line":61,"column":0},"end":{"line":61,"column":6}},"61":{"start":{"line":62,"column":0},"end":{"line":62,"column":17}},"62":{"start":{"line":63,"column":0},"end":{"line":63,"column":3}},"63":{"start":{"line":64,"column":0},"end":{"line":64,"column":1}},"64":{"start":{"line":65,"column":0},"end":{"line":65,"column":0}},"65":{"start":{"line":66,"column":0},"end":{"line":66,"column":3}},"66":{"start":{"line":67,"column":0},"end":{"line":67,"column":41}},"67":{"start":{"line":68,"column":0},"end":{"line":68,"column":2}},"68":{"start":{"line":69,"column":0},"end":{"line":69,"column":70}},"69":{"start":{"line":70,"column":0},"end":{"line":70,"column":75}},"70":{"start":{"line":71,"column":0},"end":{"line":71,"column":49}},"71":{"start":{"line":72,"column":0},"end":{"line":72,"column":2}},"72":{"start":{"line":73,"column":0},"end":{"line":73,"column":70}},"73":{"start":{"line":74,"column":0},"end":{"line":74,"column":93}},"74":{"start":{"line":75,"column":0},"end":{"line":75,"column":3}},"75":{"start":{"line":76,"column":0},"end":{"line":76,"column":57}},"76":{"start":{"line":77,"column":0},"end":{"line":77,"column":7}},"77":{"start":{"line":78,"column":0},"end":{"line":78,"column":33}},"78":{"start":{"line":79,"column":0},"end":{"line":79,"column":15}},"79":{"start":{"line":80,"column":0},"end":{"line":80,"column":87}},"80":{"start":{"line":81,"column":0},"end":{"line":81,"column":14}},"81":{"start":{"line":82,"column":0},"end":{"line":82,"column":3}},"82":{"start":{"line":83,"column":0},"end":{"line":83,"column":1}},"83":{"start":{"line":84,"column":0},"end":{"line":84,"column":0}},"84":{"start":{"line":85,"column":0},"end":{"line":85,"column":3}},"85":{"start":{"line":86,"column":0},"end":{"line":86,"column":52}},"86":{"start":{"line":87,"column":0},"end":{"line":87,"column":2}},"87":{"start":{"line":88,"column":0},"end":{"line":88,"column":70}},"88":{"start":{"line":89,"column":0},"end":{"line":89,"column":38}},"89":{"start":{"line":90,"column":0},"end":{"line":90,"column":64}},"90":{"start":{"line":91,"column":0},"end":{"line":91,"column":3}},"91":{"start":{"line":92,"column":0},"end":{"line":92,"column":90}},"92":{"start":{"line":93,"column":0},"end":{"line":93,"column":7}},"93":{"start":{"line":94,"column":0},"end":{"line":94,"column":38}},"94":{"start":{"line":95,"column":0},"end":{"line":95,"column":15}},"95":{"start":{"line":96,"column":0},"end":{"line":96,"column":82}},"96":{"start":{"line":97,"column":0},"end":{"line":97,"column":17}},"97":{"start":{"line":98,"column":0},"end":{"line":98,"column":3}},"98":{"start":{"line":99,"column":0},"end":{"line":99,"column":1}}},"s":{"0":1,"1":1,"2":1,"3":1,"4":1,"5":1,"6":1,"7":1,"8":1,"9":1,"10":1,"11":1,"12":1,"13":1,"14":1,"15":1,"16":1,"17":1,"18":1,"19":1,"20":1,"21":1,"22":1,"23":1,"24":1,"25":1,"26":1,"27":1,"28":1,"29":1,"30":1,"31":1,"32":1,"33":1,"34":1,"35":0,"36":0,"37":0,"38":0,"39":0,"40":0,"41":1,"42":1,"43":1,"44":1,"45":1,"46":1,"47":1,"48":1,"49":1,"50":1,"51":1,"52":1,"53":1,"54":1,"55":1,"56":1,"57":0,"58":0,"59":0,"60":0,"61":0,"62":0,"63":1,"64":1,"65":1,"66":1,"67":1,"68":1,"69":1,"70":1,"71":1,"72":1,"73":1,"74":1,"75":0,"76":0,"77":0,"78":0,"79":0,"80":0,"81":0,"82":0,"83":1,"84":1,"85":1,"86":1,"87":1,"88":1,"89":1,"90":1,"91":1,"92":0,"93":0,"94":0,"95":0,"96":0,"97":0,"98":0},"branchMap":{"0":{"type":"branch","line":25,"loc":{"start":{"line":25,"column":7},"end":{"line":42,"column":1}},"locations":[{"start":{"line":25,"column":7},"end":{"line":42,"column":1}}]},"1":{"type":"branch","line":29,"loc":{"start":{"line":29,"column":13},"end":{"line":29,"column":19}},"locations":[{"start":{"line":29,"column":13},"end":{"line":29,"column":19}}]},"2":{"type":"branch","line":30,"loc":{"start":{"line":30,"column":23},"end":{"line":30,"column":29}},"locations":[{"start":{"line":30,"column":23},"end":{"line":30,"column":29}}]},"3":{"type":"branch","line":35,"loc":{"start":{"line":35,"column":4},"end":{"line":41,"column":3}},"locations":[{"start":{"line":35,"column":4},"end":{"line":41,"column":3}}]},"4":{"type":"branch","line":50,"loc":{"start":{"line":50,"column":7},"end":{"line":64,"column":1}},"locations":[{"start":{"line":50,"column":7},"end":{"line":64,"column":1}}]},"5":{"type":"branch","line":57,"loc":{"start":{"line":57,"column":4},"end":{"line":63,"column":3}},"locations":[{"start":{"line":57,"column":4},"end":{"line":63,"column":3}}]}},"b":{"0":[1],"1":[0],"2":[0],"3":[0],"4":[1],"5":[0]},"fnMap":{"0":{"name":"setAdminChannel","decl":{"start":{"line":25,"column":7},"end":{"line":42,"column":1}},"loc":{"start":{"line":25,"column":7},"end":{"line":42,"column":1}},"line":25},"1":{"name":"unsetAdminChannel","decl":{"start":{"line":50,"column":7},"end":{"line":64,"column":1}},"loc":{"start":{"line":50,"column":7},"end":{"line":64,"column":1}},"line":50},"2":{"name":"listJailed","decl":{"start":{"line":76,"column":0},"end":{"line":83,"column":1}},"loc":{"start":{"line":76,"column":0},"end":{"line":83,"column":1}},"line":76},"3":{"name":"unjail","decl":{"start":{"line":92,"column":7},"end":{"line":99,"column":1}},"loc":{"start":{"line":92,"column":7},"end":{"line":99,"column":1}},"line":92}},"f":{"0":1,"1":1,"2":0,"3":0}}
,"C:\\Projects\\whatsapp-roll-bot\\src\\asyncLogger.ts": {"path":"C:\\Projects\\whatsapp-roll-bot\\src\\asyncLogger.ts","all":false,"statementMap":{"0":{"start":{"line":1,"column":0},"end":{"line":1,"column":30}},"1":{"start":{"line":2,"column":0},"end":{"line":2,"column":40}},"2":{"start":{"line":3,"column":0},"end":{"line":3,"column":0}},"3":{"start":{"line":4,"column":0},"end":{"line":4,"column":3}},"4":{"start":{"line":5,"column":0},"end":{"line":5,"column":31}},"5":{"start":{"line":6,"column":0},"end":{"line":6,"column":2}},"6":{"start":{"line":7,"column":0},"end":{"line":7,"column":69}},"7":{"start":{"line":8,"column":0},"end":{"line":8,"column":76}},"8":{"start":{"line":9,"column":0},"end":{"line":9,"column":72}},"9":{"start":{"line":10,"column":0},"end":{"line":10,"column":71}},"10":{"start":{"line":11,"column":0},"end":{"line":11,"column":2}},"11":{"start":{"line":12,"column":0},"end":{"line":12,"column":22}},"12":{"start":{"line":13,"column":0},"end":{"line":13,"column":3}},"13":{"start":{"line":14,"column":0},"end":{"line":14,"column":0}},"14":{"start":{"line":15,"column":0},"end":{"line":15,"column":3}},"15":{"start":{"line":16,"column":0},"end":{"line":16,"column":68}},"16":{"start":{"line":17,"column":0},"end":{"line":17,"column":72}},"17":{"start":{"line":18,"column":0},"end":{"line":18,"column":68}},"18":{"start":{"line":19,"column":0},"end":{"line":19,"column":2}},"19":{"start":{"line":20,"column":0},"end":{"line":20,"column":73}},"20":{"start":{"line":21,"column":0},"end":{"line":21,"column":65}},"21":{"start":{"line":22,"column":0},"end":{"line":22,"column":71}},"22":{"start":{"line":23,"column":0},"end":{"line":23,"column":38}},"23":{"start":{"line":24,"column":0},"end":{"line":24,"column":2}},"24":{"start":{"line":25,"column":0},"end":{"line":25,"column":67}},"25":{"start":{"line":26,"column":0},"end":{"line":26,"column":40}},"26":{"start":{"line":27,"column":0},"end":{"line":27,"column":18}},"27":{"start":{"line":28,"column":0},"end":{"line":28,"column":3}},"28":{"start":{"line":29,"column":0},"end":{"line":29,"column":85}},"29":{"start":{"line":30,"column":0},"end":{"line":30,"column":33}},"30":{"start":{"line":31,"column":0},"end":{"line":31,"column":73}},"31":{"start":{"line":32,"column":0},"end":{"line":32,"column":40}},"32":{"start":{"line":33,"column":0},"end":{"line":33,"column":5}},"33":{"start":{"line":34,"column":0},"end":{"line":34,"column":1}},"34":{"start":{"line":35,"column":0},"end":{"line":35,"column":0}},"35":{"start":{"line":36,"column":0},"end":{"line":36,"column":3}},"36":{"start":{"line":37,"column":0},"end":{"line":37,"column":75}},"37":{"start":{"line":38,"column":0},"end":{"line":38,"column":74}},"38":{"start":{"line":39,"column":0},"end":{"line":39,"column":71}},"39":{"start":{"line":40,"column":0},"end":{"line":40,"column":75}},"40":{"start":{"line":41,"column":0},"end":{"line":41,"column":13}},"41":{"start":{"line":42,"column":0},"end":{"line":42,"column":2}},"42":{"start":{"line":43,"column":0},"end":{"line":43,"column":71}},"43":{"start":{"line":44,"column":0},"end":{"line":44,"column":76}},"44":{"start":{"line":45,"column":0},"end":{"line":45,"column":2}},"45":{"start":{"line":46,"column":0},"end":{"line":46,"column":67}},"46":{"start":{"line":47,"column":0},"end":{"line":47,"column":40}},"47":{"start":{"line":48,"column":0},"end":{"line":48,"column":18}},"48":{"start":{"line":49,"column":0},"end":{"line":49,"column":3}},"49":{"start":{"line":50,"column":0},"end":{"line":50,"column":86}},"50":{"start":{"line":51,"column":0},"end":{"line":51,"column":7}},"51":{"start":{"line":52,"column":0},"end":{"line":52,"column":73}},"52":{"start":{"line":53,"column":0},"end":{"line":53,"column":27}},"53":{"start":{"line":54,"column":0},"end":{"line":54,"column":11}},"54":{"start":{"line":55,"column":0},"end":{"line":55,"column":9}},"55":{"start":{"line":56,"column":0},"end":{"line":56,"column":74}},"56":{"start":{"line":57,"column":0},"end":{"line":57,"column":42}},"57":{"start":{"line":58,"column":0},"end":{"line":58,"column":13}},"58":{"start":{"line":59,"column":0},"end":{"line":59,"column":76}},"59":{"start":{"line":60,"column":0},"end":{"line":60,"column":59}},"60":{"start":{"line":61,"column":0},"end":{"line":61,"column":5}},"61":{"start":{"line":62,"column":0},"end":{"line":62,"column":3}},"62":{"start":{"line":63,"column":0},"end":{"line":63,"column":1}}},"s":{"0":1,"1":1,"2":1,"3":1,"4":1,"5":1,"6":1,"7":1,"8":1,"9":1,"10":1,"11":1,"12":1,"13":1,"14":1,"15":1,"16":1,"17":1,"18":1,"19":1,"20":1,"21":1,"22":1,"23":1,"24":1,"25":1,"26":1,"27":1,"28":18,"29":18,"30":16,"31":16,"32":18,"33":18,"34":1,"35":1,"36":1,"37":1,"38":1,"39":1,"40":1,"41":1,"42":1,"43":1,"44":1,"45":1,"46":1,"47":1,"48":1,"49":1,"50":1,"51":1,"52":1,"53":1,"54":0,"55":0,"56":0,"57":0,"58":0,"59":0,"60":0,"61":0,"62":1},"branchMap":{"0":{"type":"branch","line":29,"loc":{"start":{"line":29,"column":0},"end":{"line":34,"column":1}},"locations":[{"start":{"line":29,"column":0},"end":{"line":34,"column":1}}]},"1":{"type":"branch","line":30,"loc":{"start":{"line":30,"column":20},"end":{"line":33,"column":3}},"locations":[{"start":{"line":30,"column":20},"end":{"line":33,"column":3}}]},"2":{"type":"branch","line":50,"loc":{"start":{"line":50,"column":0},"end":{"line":63,"column":1}},"locations":[{"start":{"line":50,"column":0},"end":{"line":63,"column":1}}]},"3":{"type":"branch","line":54,"loc":{"start":{"line":54,"column":4},"end":{"line":62,"column":3}},"locations":[{"start":{"line":54,"column":4},"end":{"line":62,"column":3}}]}},"b":{"0":[18],"1":[16],"2":[1],"3":[0]},"fnMap":{"0":{"name":"enqueueLog","decl":{"start":{"line":29,"column":0},"end":{"line":34,"column":1}},"loc":{"start":{"line":29,"column":0},"end":{"line":34,"column":1}},"line":29},"1":{"name":"safeEnqueue","decl":{"start":{"line":50,"column":0},"end":{"line":63,"column":1}},"loc":{"start":{"line":50,"column":0},"end":{"line":63,"column":1}},"line":50}},"f":{"0":18,"1":1}}
,"C:\\Projects\\whatsapp-roll-bot\\src\\bot.ts": {"path":"C:\\Projects\\whatsapp-roll-bot\\src\\bot.ts","all":false,"statementMap":{"0":{"start":{"line":1,"column":0},"end":{"line":1,"column":34}},"1":{"start":{"line":2,"column":0},"end":{"line":2,"column":0}},"2":{"start":{"line":3,"column":0},"end":{"line":3,"column":78}},"3":{"start":{"line":4,"column":0},"end":{"line":4,"column":22}},"4":{"start":{"line":5,"column":0},"end":{"line":5,"column":46}},"5":{"start":{"line":6,"column":0},"end":{"line":6,"column":37}},"6":{"start":{"line":7,"column":0},"end":{"line":7,"column":30}},"7":{"start":{"line":8,"column":0},"end":{"line":8,"column":57}},"8":{"start":{"line":9,"column":0},"end":{"line":9,"column":50}},"9":{"start":{"line":10,"column":0},"end":{"line":10,"column":46}},"10":{"start":{"line":11,"column":0},"end":{"line":11,"column":40}},"11":{"start":{"line":12,"column":0},"end":{"line":12,"column":43}},"12":{"start":{"line":13,"column":0},"end":{"line":13,"column":40}},"13":{"start":{"line":14,"column":0},"end":{"line":14,"column":0}},"14":{"start":{"line":15,"column":0},"end":{"line":15,"column":3}},"15":{"start":{"line":16,"column":0},"end":{"line":16,"column":31}},"16":{"start":{"line":17,"column":0},"end":{"line":17,"column":2}},"17":{"start":{"line":18,"column":0},"end":{"line":18,"column":72}},"18":{"start":{"line":19,"column":0},"end":{"line":19,"column":72}},"19":{"start":{"line":20,"column":0},"end":{"line":20,"column":2}},"20":{"start":{"line":21,"column":0},"end":{"line":21,"column":70}},"21":{"start":{"line":22,"column":0},"end":{"line":22,"column":3}},"22":{"start":{"line":23,"column":0},"end":{"line":23,"column":46}},"23":{"start":{"line":24,"column":0},"end":{"line":24,"column":24}},"24":{"start":{"line":25,"column":0},"end":{"line":25,"column":84}},"25":{"start":{"line":26,"column":0},"end":{"line":26,"column":88}},"26":{"start":{"line":27,"column":0},"end":{"line":27,"column":96}},"27":{"start":{"line":28,"column":0},"end":{"line":28,"column":69}},"28":{"start":{"line":29,"column":0},"end":{"line":29,"column":52}},"29":{"start":{"line":30,"column":0},"end":{"line":30,"column":82}},"30":{"start":{"line":31,"column":0},"end":{"line":31,"column":60}},"31":{"start":{"line":32,"column":0},"end":{"line":32,"column":21}},"32":{"start":{"line":33,"column":0},"end":{"line":33,"column":61}},"33":{"start":{"line":34,"column":0},"end":{"line":34,"column":41}},"34":{"start":{"line":35,"column":0},"end":{"line":35,"column":18}},"35":{"start":{"line":36,"column":0},"end":{"line":36,"column":0}},"36":{"start":{"line":37,"column":0},"end":{"line":37,"column":74}},"37":{"start":{"line":38,"column":0},"end":{"line":38,"column":72}},"38":{"start":{"line":39,"column":0},"end":{"line":39,"column":19}},"39":{"start":{"line":40,"column":0},"end":{"line":40,"column":58}},"40":{"start":{"line":41,"column":0},"end":{"line":41,"column":9}},"41":{"start":{"line":42,"column":0},"end":{"line":42,"column":26}},"42":{"start":{"line":43,"column":0},"end":{"line":43,"column":30}},"43":{"start":{"line":44,"column":0},"end":{"line":44,"column":17}},"44":{"start":{"line":45,"column":0},"end":{"line":45,"column":32}},"45":{"start":{"line":46,"column":0},"end":{"line":46,"column":20}},"46":{"start":{"line":47,"column":0},"end":{"line":47,"column":21}},"47":{"start":{"line":48,"column":0},"end":{"line":48,"column":21}},"48":{"start":{"line":49,"column":0},"end":{"line":49,"column":0}},"49":{"start":{"line":50,"column":0},"end":{"line":50,"column":73}},"50":{"start":{"line":51,"column":0},"end":{"line":51,"column":83}},"51":{"start":{"line":52,"column":0},"end":{"line":52,"column":75}},"52":{"start":{"line":53,"column":0},"end":{"line":53,"column":32}},"53":{"start":{"line":54,"column":0},"end":{"line":54,"column":24}},"54":{"start":{"line":55,"column":0},"end":{"line":55,"column":17}},"55":{"start":{"line":56,"column":0},"end":{"line":56,"column":34}},"56":{"start":{"line":57,"column":0},"end":{"line":57,"column":31}},"57":{"start":{"line":58,"column":0},"end":{"line":58,"column":29}},"58":{"start":{"line":59,"column":0},"end":{"line":59,"column":6}},"59":{"start":{"line":60,"column":0},"end":{"line":60,"column":13}},"60":{"start":{"line":61,"column":0},"end":{"line":61,"column":23}},"61":{"start":{"line":62,"column":0},"end":{"line":62,"column":23}},"62":{"start":{"line":63,"column":0},"end":{"line":63,"column":23}},"63":{"start":{"line":64,"column":0},"end":{"line":64,"column":31}},"64":{"start":{"line":65,"column":0},"end":{"line":65,"column":6}},"65":{"start":{"line":66,"column":0},"end":{"line":66,"column":15}},"66":{"start":{"line":67,"column":0},"end":{"line":67,"column":35}},"67":{"start":{"line":68,"column":0},"end":{"line":68,"column":6}},"68":{"start":{"line":69,"column":0},"end":{"line":69,"column":24}},"69":{"start":{"line":70,"column":0},"end":{"line":70,"column":4}},"70":{"start":{"line":71,"column":0},"end":{"line":71,"column":0}},"71":{"start":{"line":72,"column":0},"end":{"line":72,"column":63}},"72":{"start":{"line":73,"column":0},"end":{"line":73,"column":16}},"73":{"start":{"line":74,"column":0},"end":{"line":74,"column":29}},"74":{"start":{"line":75,"column":0},"end":{"line":75,"column":27}},"75":{"start":{"line":76,"column":0},"end":{"line":76,"column":24}},"76":{"start":{"line":77,"column":0},"end":{"line":77,"column":6}},"77":{"start":{"line":78,"column":0},"end":{"line":78,"column":12}},"78":{"start":{"line":79,"column":0},"end":{"line":79,"column":22}},"79":{"start":{"line":80,"column":0},"end":{"line":80,"column":22}},"80":{"start":{"line":81,"column":0},"end":{"line":81,"column":22}},"81":{"start":{"line":82,"column":0},"end":{"line":82,"column":34}},"82":{"start":{"line":83,"column":0},"end":{"line":83,"column":6}},"83":{"start":{"line":84,"column":0},"end":{"line":84,"column":14}},"84":{"start":{"line":85,"column":0},"end":{"line":85,"column":32}},"85":{"start":{"line":86,"column":0},"end":{"line":86,"column":6}},"86":{"start":{"line":87,"column":0},"end":{"line":87,"column":22}},"87":{"start":{"line":88,"column":0},"end":{"line":88,"column":4}},"88":{"start":{"line":89,"column":0},"end":{"line":89,"column":0}},"89":{"start":{"line":90,"column":0},"end":{"line":90,"column":74}},"90":{"start":{"line":91,"column":0},"end":{"line":91,"column":29}},"91":{"start":{"line":92,"column":0},"end":{"line":92,"column":7}},"92":{"start":{"line":93,"column":0},"end":{"line":93,"column":34}},"93":{"start":{"line":94,"column":0},"end":{"line":94,"column":53}},"94":{"start":{"line":95,"column":0},"end":{"line":95,"column":62}},"95":{"start":{"line":96,"column":0},"end":{"line":96,"column":37}},"96":{"start":{"line":97,"column":0},"end":{"line":97,"column":23}},"97":{"start":{"line":98,"column":0},"end":{"line":98,"column":20}},"98":{"start":{"line":99,"column":0},"end":{"line":99,"column":29}},"99":{"start":{"line":100,"column":0},"end":{"line":100,"column":58}},"100":{"start":{"line":101,"column":0},"end":{"line":101,"column":55}},"101":{"start":{"line":102,"column":0},"end":{"line":102,"column":26}},"102":{"start":{"line":103,"column":0},"end":{"line":103,"column":96}},"103":{"start":{"line":104,"column":0},"end":{"line":104,"column":24}},"104":{"start":{"line":105,"column":0},"end":{"line":105,"column":92}},"105":{"start":{"line":106,"column":0},"end":{"line":106,"column":10}},"106":{"start":{"line":107,"column":0},"end":{"line":107,"column":16}},"107":{"start":{"line":108,"column":0},"end":{"line":108,"column":79}},"108":{"start":{"line":109,"column":0},"end":{"line":109,"column":79}},"109":{"start":{"line":110,"column":0},"end":{"line":110,"column":79}},"110":{"start":{"line":111,"column":0},"end":{"line":111,"column":26}},"111":{"start":{"line":112,"column":0},"end":{"line":112,"column":88}},"112":{"start":{"line":113,"column":0},"end":{"line":113,"column":10}},"113":{"start":{"line":114,"column":0},"end":{"line":114,"column":18}},"114":{"start":{"line":115,"column":0},"end":{"line":115,"column":29}},"115":{"start":{"line":116,"column":0},"end":{"line":116,"column":98}},"116":{"start":{"line":117,"column":0},"end":{"line":117,"column":10}},"117":{"start":{"line":118,"column":0},"end":{"line":118,"column":57}},"118":{"start":{"line":119,"column":0},"end":{"line":119,"column":8}},"119":{"start":{"line":120,"column":0},"end":{"line":120,"column":67}},"120":{"start":{"line":121,"column":0},"end":{"line":121,"column":5}},"121":{"start":{"line":122,"column":0},"end":{"line":122,"column":15}},"122":{"start":{"line":123,"column":0},"end":{"line":123,"column":47}},"123":{"start":{"line":124,"column":0},"end":{"line":124,"column":55}},"124":{"start":{"line":125,"column":0},"end":{"line":125,"column":3}},"125":{"start":{"line":126,"column":0},"end":{"line":126,"column":0}},"126":{"start":{"line":127,"column":0},"end":{"line":127,"column":89}},"127":{"start":{"line":128,"column":0},"end":{"line":128,"column":56}},"128":{"start":{"line":129,"column":0},"end":{"line":129,"column":55}},"129":{"start":{"line":130,"column":0},"end":{"line":130,"column":73}},"130":{"start":{"line":131,"column":0},"end":{"line":131,"column":29}},"131":{"start":{"line":132,"column":0},"end":{"line":132,"column":38}},"132":{"start":{"line":133,"column":0},"end":{"line":133,"column":46}},"133":{"start":{"line":134,"column":0},"end":{"line":134,"column":56}},"134":{"start":{"line":135,"column":0},"end":{"line":135,"column":0}},"135":{"start":{"line":136,"column":0},"end":{"line":136,"column":51}},"136":{"start":{"line":137,"column":0},"end":{"line":137,"column":7}},"137":{"start":{"line":138,"column":0},"end":{"line":138,"column":70}},"138":{"start":{"line":139,"column":0},"end":{"line":139,"column":61}},"139":{"start":{"line":140,"column":0},"end":{"line":140,"column":79}},"140":{"start":{"line":141,"column":0},"end":{"line":141,"column":86}},"141":{"start":{"line":142,"column":0},"end":{"line":142,"column":58}},"142":{"start":{"line":143,"column":0},"end":{"line":143,"column":15}},"143":{"start":{"line":144,"column":0},"end":{"line":144,"column":15}},"144":{"start":{"line":145,"column":0},"end":{"line":145,"column":13}},"145":{"start":{"line":146,"column":0},"end":{"line":146,"column":84}},"146":{"start":{"line":147,"column":0},"end":{"line":147,"column":6}},"147":{"start":{"line":148,"column":0},"end":{"line":148,"column":3}},"148":{"start":{"line":149,"column":0},"end":{"line":149,"column":0}},"149":{"start":{"line":150,"column":0},"end":{"line":150,"column":51}},"150":{"start":{"line":151,"column":0},"end":{"line":151,"column":87}},"151":{"start":{"line":152,"column":0},"end":{"line":152,"column":71}},"152":{"start":{"line":153,"column":0},"end":{"line":153,"column":3}},"153":{"start":{"line":154,"column":0},"end":{"line":154,"column":47}},"154":{"start":{"line":155,"column":0},"end":{"line":155,"column":44}},"155":{"start":{"line":156,"column":0},"end":{"line":156,"column":42}},"156":{"start":{"line":157,"column":0},"end":{"line":157,"column":0}},"157":{"start":{"line":158,"column":0},"end":{"line":158,"column":43}},"158":{"start":{"line":159,"column":0},"end":{"line":159,"column":7}},"159":{"start":{"line":160,"column":0},"end":{"line":160,"column":58}},"160":{"start":{"line":161,"column":0},"end":{"line":161,"column":58}},"161":{"start":{"line":162,"column":0},"end":{"line":162,"column":15}},"162":{"start":{"line":163,"column":0},"end":{"line":163,"column":15}},"163":{"start":{"line":164,"column":0},"end":{"line":164,"column":13}},"164":{"start":{"line":165,"column":0},"end":{"line":165,"column":85}},"165":{"start":{"line":166,"column":0},"end":{"line":166,"column":6}},"166":{"start":{"line":167,"column":0},"end":{"line":167,"column":3}},"167":{"start":{"line":168,"column":0},"end":{"line":168,"column":0}},"168":{"start":{"line":169,"column":0},"end":{"line":169,"column":79}},"169":{"start":{"line":170,"column":0},"end":{"line":170,"column":49}},"170":{"start":{"line":171,"column":0},"end":{"line":171,"column":47}},"171":{"start":{"line":172,"column":0},"end":{"line":172,"column":11}},"172":{"start":{"line":173,"column":0},"end":{"line":173,"column":57}},"173":{"start":{"line":174,"column":0},"end":{"line":174,"column":32}},"174":{"start":{"line":175,"column":0},"end":{"line":175,"column":39}},"175":{"start":{"line":176,"column":0},"end":{"line":176,"column":15}},"176":{"start":{"line":177,"column":0},"end":{"line":177,"column":50}},"177":{"start":{"line":178,"column":0},"end":{"line":178,"column":58}},"178":{"start":{"line":179,"column":0},"end":{"line":179,"column":23}},"179":{"start":{"line":180,"column":0},"end":{"line":180,"column":98}},"180":{"start":{"line":181,"column":0},"end":{"line":181,"column":11}},"181":{"start":{"line":182,"column":0},"end":{"line":182,"column":9}},"182":{"start":{"line":183,"column":0},"end":{"line":183,"column":63}},"183":{"start":{"line":184,"column":0},"end":{"line":184,"column":19}},"184":{"start":{"line":185,"column":0},"end":{"line":185,"column":87}},"185":{"start":{"line":186,"column":0},"end":{"line":186,"column":7}},"186":{"start":{"line":187,"column":0},"end":{"line":187,"column":12}},"187":{"start":{"line":188,"column":0},"end":{"line":188,"column":18}},"188":{"start":{"line":189,"column":0},"end":{"line":189,"column":107}},"189":{"start":{"line":190,"column":0},"end":{"line":190,"column":8}},"190":{"start":{"line":191,"column":0},"end":{"line":191,"column":5}},"191":{"start":{"line":192,"column":0},"end":{"line":192,"column":3}},"192":{"start":{"line":193,"column":0},"end":{"line":193,"column":0}},"193":{"start":{"line":194,"column":0},"end":{"line":194,"column":39}},"194":{"start":{"line":195,"column":0},"end":{"line":195,"column":73}},"195":{"start":{"line":196,"column":0},"end":{"line":196,"column":0}},"196":{"start":{"line":197,"column":0},"end":{"line":197,"column":50}},"197":{"start":{"line":198,"column":0},"end":{"line":198,"column":49}},"198":{"start":{"line":199,"column":0},"end":{"line":199,"column":57}},"199":{"start":{"line":200,"column":0},"end":{"line":200,"column":75}},"200":{"start":{"line":201,"column":0},"end":{"line":201,"column":20}},"201":{"start":{"line":202,"column":0},"end":{"line":202,"column":100}},"202":{"start":{"line":203,"column":0},"end":{"line":203,"column":66}},"203":{"start":{"line":204,"column":0},"end":{"line":204,"column":76}},"204":{"start":{"line":205,"column":0},"end":{"line":205,"column":54}},"205":{"start":{"line":206,"column":0},"end":{"line":206,"column":77}},"206":{"start":{"line":207,"column":0},"end":{"line":207,"column":77}},"207":{"start":{"line":208,"column":0},"end":{"line":208,"column":81}},"208":{"start":{"line":209,"column":0},"end":{"line":209,"column":47}},"209":{"start":{"line":210,"column":0},"end":{"line":210,"column":12}},"210":{"start":{"line":211,"column":0},"end":{"line":211,"column":11}},"211":{"start":{"line":212,"column":0},"end":{"line":212,"column":53}},"212":{"start":{"line":213,"column":0},"end":{"line":213,"column":50}},"213":{"start":{"line":214,"column":0},"end":{"line":214,"column":61}},"214":{"start":{"line":215,"column":0},"end":{"line":215,"column":76}},"215":{"start":{"line":216,"column":0},"end":{"line":216,"column":5}},"216":{"start":{"line":217,"column":0},"end":{"line":217,"column":41}},"217":{"start":{"line":218,"column":0},"end":{"line":218,"column":0}},"218":{"start":{"line":219,"column":0},"end":{"line":219,"column":79}},"219":{"start":{"line":220,"column":0},"end":{"line":220,"column":67}},"220":{"start":{"line":221,"column":0},"end":{"line":221,"column":9}},"221":{"start":{"line":222,"column":0},"end":{"line":222,"column":48}},"222":{"start":{"line":223,"column":0},"end":{"line":223,"column":87}},"223":{"start":{"line":224,"column":0},"end":{"line":224,"column":46}},"224":{"start":{"line":225,"column":0},"end":{"line":225,"column":80}},"225":{"start":{"line":226,"column":0},"end":{"line":226,"column":65}},"226":{"start":{"line":227,"column":0},"end":{"line":227,"column":69}},"227":{"start":{"line":228,"column":0},"end":{"line":228,"column":87}},"228":{"start":{"line":229,"column":0},"end":{"line":229,"column":89}},"229":{"start":{"line":230,"column":0},"end":{"line":230,"column":90}},"230":{"start":{"line":231,"column":0},"end":{"line":231,"column":20}},"231":{"start":{"line":232,"column":0},"end":{"line":232,"column":17}},"232":{"start":{"line":233,"column":0},"end":{"line":233,"column":94}},"233":{"start":{"line":234,"column":0},"end":{"line":234,"column":62}},"234":{"start":{"line":235,"column":0},"end":{"line":235,"column":5}},"235":{"start":{"line":236,"column":0},"end":{"line":236,"column":3}},"236":{"start":{"line":237,"column":0},"end":{"line":237,"column":0}},"237":{"start":{"line":238,"column":0},"end":{"line":238,"column":52}},"238":{"start":{"line":239,"column":0},"end":{"line":239,"column":16}},"239":{"start":{"line":240,"column":0},"end":{"line":240,"column":101}},"240":{"start":{"line":241,"column":0},"end":{"line":241,"column":6}},"241":{"start":{"line":242,"column":0},"end":{"line":242,"column":42}},"242":{"start":{"line":243,"column":0},"end":{"line":243,"column":5}},"243":{"start":{"line":244,"column":0},"end":{"line":244,"column":45}},"244":{"start":{"line":245,"column":0},"end":{"line":245,"column":46}},"245":{"start":{"line":246,"column":0},"end":{"line":246,"column":41}},"246":{"start":{"line":247,"column":0},"end":{"line":247,"column":5}},"247":{"start":{"line":248,"column":0},"end":{"line":248,"column":43}},"248":{"start":{"line":249,"column":0},"end":{"line":249,"column":58}},"249":{"start":{"line":250,"column":0},"end":{"line":250,"column":39}},"250":{"start":{"line":251,"column":0},"end":{"line":251,"column":5}},"251":{"start":{"line":252,"column":0},"end":{"line":252,"column":43}},"252":{"start":{"line":253,"column":0},"end":{"line":253,"column":78}},"253":{"start":{"line":254,"column":0},"end":{"line":254,"column":39}},"254":{"start":{"line":255,"column":0},"end":{"line":255,"column":5}},"255":{"start":{"line":256,"column":0},"end":{"line":256,"column":44}},"256":{"start":{"line":257,"column":0},"end":{"line":257,"column":45}},"257":{"start":{"line":258,"column":0},"end":{"line":258,"column":40}},"258":{"start":{"line":259,"column":0},"end":{"line":259,"column":5}},"259":{"start":{"line":260,"column":0},"end":{"line":260,"column":55}},"260":{"start":{"line":261,"column":0},"end":{"line":261,"column":92}},"261":{"start":{"line":262,"column":0},"end":{"line":262,"column":51}},"262":{"start":{"line":263,"column":0},"end":{"line":263,"column":5}},"263":{"start":{"line":264,"column":0},"end":{"line":264,"column":50}},"264":{"start":{"line":265,"column":0},"end":{"line":265,"column":90}},"265":{"start":{"line":266,"column":0},"end":{"line":266,"column":46}},"266":{"start":{"line":267,"column":0},"end":{"line":267,"column":5}},"267":{"start":{"line":268,"column":0},"end":{"line":268,"column":44}},"268":{"start":{"line":269,"column":0},"end":{"line":269,"column":57}},"269":{"start":{"line":270,"column":0},"end":{"line":270,"column":40}},"270":{"start":{"line":271,"column":0},"end":{"line":271,"column":5}},"271":{"start":{"line":272,"column":0},"end":{"line":272,"column":0}},"272":{"start":{"line":273,"column":0},"end":{"line":273,"column":86}},"273":{"start":{"line":274,"column":0},"end":{"line":274,"column":9}},"274":{"start":{"line":275,"column":0},"end":{"line":275,"column":48}},"275":{"start":{"line":276,"column":0},"end":{"line":276,"column":87}},"276":{"start":{"line":277,"column":0},"end":{"line":277,"column":46}},"277":{"start":{"line":278,"column":0},"end":{"line":278,"column":80}},"278":{"start":{"line":279,"column":0},"end":{"line":279,"column":60}},"279":{"start":{"line":280,"column":0},"end":{"line":280,"column":69}},"280":{"start":{"line":281,"column":0},"end":{"line":281,"column":87}},"281":{"start":{"line":282,"column":0},"end":{"line":282,"column":89}},"282":{"start":{"line":283,"column":0},"end":{"line":283,"column":97}},"283":{"start":{"line":284,"column":0},"end":{"line":284,"column":20}},"284":{"start":{"line":285,"column":0},"end":{"line":285,"column":17}},"285":{"start":{"line":286,"column":0},"end":{"line":286,"column":85}},"286":{"start":{"line":287,"column":0},"end":{"line":287,"column":62}},"287":{"start":{"line":288,"column":0},"end":{"line":288,"column":5}},"288":{"start":{"line":289,"column":0},"end":{"line":289,"column":3}},"289":{"start":{"line":290,"column":0},"end":{"line":290,"column":0}},"290":{"start":{"line":291,"column":0},"end":{"line":291,"column":37}},"291":{"start":{"line":292,"column":0},"end":{"line":292,"column":21}},"292":{"start":{"line":293,"column":0},"end":{"line":293,"column":9}},"293":{"start":{"line":294,"column":0},"end":{"line":294,"column":35}},"294":{"start":{"line":295,"column":0},"end":{"line":295,"column":17}},"295":{"start":{"line":296,"column":0},"end":{"line":296,"column":88}},"296":{"start":{"line":297,"column":0},"end":{"line":297,"column":5}},"297":{"start":{"line":298,"column":0},"end":{"line":298,"column":16}},"298":{"start":{"line":299,"column":0},"end":{"line":299,"column":0}},"299":{"start":{"line":300,"column":0},"end":{"line":300,"column":68}},"300":{"start":{"line":301,"column":0},"end":{"line":301,"column":68}},"301":{"start":{"line":302,"column":0},"end":{"line":302,"column":66}},"302":{"start":{"line":303,"column":0},"end":{"line":303,"column":78}},"303":{"start":{"line":304,"column":0},"end":{"line":304,"column":0}},"304":{"start":{"line":305,"column":0},"end":{"line":305,"column":73}},"305":{"start":{"line":306,"column":0},"end":{"line":306,"column":59}},"306":{"start":{"line":307,"column":0},"end":{"line":307,"column":0}},"307":{"start":{"line":308,"column":0},"end":{"line":308,"column":48}},"308":{"start":{"line":309,"column":0},"end":{"line":309,"column":60}},"309":{"start":{"line":310,"column":0},"end":{"line":310,"column":40}},"310":{"start":{"line":311,"column":0},"end":{"line":311,"column":0}},"311":{"start":{"line":312,"column":0},"end":{"line":312,"column":57}},"312":{"start":{"line":313,"column":0},"end":{"line":313,"column":0}},"313":{"start":{"line":314,"column":0},"end":{"line":314,"column":54}},"314":{"start":{"line":315,"column":0},"end":{"line":315,"column":54}},"315":{"start":{"line":316,"column":0},"end":{"line":316,"column":3}},"316":{"start":{"line":317,"column":0},"end":{"line":317,"column":0}},"317":{"start":{"line":318,"column":0},"end":{"line":318,"column":83}},"318":{"start":{"line":319,"column":0},"end":{"line":319,"column":44}},"319":{"start":{"line":320,"column":0},"end":{"line":320,"column":13}},"320":{"start":{"line":321,"column":0},"end":{"line":321,"column":41}},"321":{"start":{"line":322,"column":0},"end":{"line":322,"column":89}},"322":{"start":{"line":323,"column":0},"end":{"line":323,"column":0}},"323":{"start":{"line":324,"column":0},"end":{"line":324,"column":17}},"324":{"start":{"line":325,"column":0},"end":{"line":325,"column":59}},"325":{"start":{"line":326,"column":0},"end":{"line":326,"column":34}},"326":{"start":{"line":327,"column":0},"end":{"line":327,"column":82}},"327":{"start":{"line":328,"column":0},"end":{"line":328,"column":0}},"328":{"start":{"line":329,"column":0},"end":{"line":329,"column":13}},"329":{"start":{"line":330,"column":0},"end":{"line":330,"column":33}},"330":{"start":{"line":331,"column":0},"end":{"line":331,"column":46}},"331":{"start":{"line":332,"column":0},"end":{"line":332,"column":40}},"332":{"start":{"line":333,"column":0},"end":{"line":333,"column":30}},"333":{"start":{"line":334,"column":0},"end":{"line":334,"column":3}},"334":{"start":{"line":335,"column":0},"end":{"line":335,"column":0}},"335":{"start":{"line":336,"column":0},"end":{"line":336,"column":56}},"336":{"start":{"line":337,"column":0},"end":{"line":337,"column":29}},"337":{"start":{"line":338,"column":0},"end":{"line":338,"column":12}},"338":{"start":{"line":339,"column":0},"end":{"line":339,"column":26}},"339":{"start":{"line":340,"column":0},"end":{"line":340,"column":39}},"340":{"start":{"line":341,"column":0},"end":{"line":341,"column":11}},"341":{"start":{"line":342,"column":0},"end":{"line":342,"column":25}},"342":{"start":{"line":343,"column":0},"end":{"line":343,"column":67}},"343":{"start":{"line":344,"column":0},"end":{"line":344,"column":6}},"344":{"start":{"line":345,"column":0},"end":{"line":345,"column":25}},"345":{"start":{"line":346,"column":0},"end":{"line":346,"column":5}},"346":{"start":{"line":347,"column":0},"end":{"line":347,"column":0}},"347":{"start":{"line":348,"column":0},"end":{"line":348,"column":65}},"348":{"start":{"line":349,"column":0},"end":{"line":349,"column":15}},"349":{"start":{"line":350,"column":0},"end":{"line":350,"column":0}},"350":{"start":{"line":351,"column":0},"end":{"line":351,"column":74}},"351":{"start":{"line":352,"column":0},"end":{"line":352,"column":85}},"352":{"start":{"line":353,"column":0},"end":{"line":353,"column":51}},"353":{"start":{"line":354,"column":0},"end":{"line":354,"column":52}},"354":{"start":{"line":355,"column":0},"end":{"line":355,"column":0}},"355":{"start":{"line":356,"column":0},"end":{"line":356,"column":30}},"356":{"start":{"line":357,"column":0},"end":{"line":357,"column":59}},"357":{"start":{"line":358,"column":0},"end":{"line":358,"column":39}},"358":{"start":{"line":359,"column":0},"end":{"line":359,"column":81}},"359":{"start":{"line":360,"column":0},"end":{"line":360,"column":6}},"360":{"start":{"line":361,"column":0},"end":{"line":361,"column":60}},"361":{"start":{"line":362,"column":0},"end":{"line":362,"column":72}},"362":{"start":{"line":363,"column":0},"end":{"line":363,"column":57}},"363":{"start":{"line":364,"column":0},"end":{"line":364,"column":66}},"364":{"start":{"line":365,"column":0},"end":{"line":365,"column":57}},"365":{"start":{"line":366,"column":0},"end":{"line":366,"column":82}},"366":{"start":{"line":367,"column":0},"end":{"line":367,"column":44}},"367":{"start":{"line":368,"column":0},"end":{"line":368,"column":15}},"368":{"start":{"line":369,"column":0},"end":{"line":369,"column":7}},"369":{"start":{"line":370,"column":0},"end":{"line":370,"column":5}},"370":{"start":{"line":371,"column":0},"end":{"line":371,"column":48}},"371":{"start":{"line":372,"column":0},"end":{"line":372,"column":3}},"372":{"start":{"line":373,"column":0},"end":{"line":373,"column":0}},"373":{"start":{"line"
[...]
"column":0},"end":{"line":95,"column":0}},"95":{"start":{"line":96,"column":0},"end":{"line":96,"column":5}},"96":{"start":{"line":97,"column":0},"end":{"line":97,"column":76}},"97":{"start":{"line":98,"column":0},"end":{"line":98,"column":72}},"98":{"start":{"line":99,"column":0},"end":{"line":99,"column":28}},"99":{"start":{"line":100,"column":0},"end":{"line":100,"column":13}},"100":{"start":{"line":101,"column":0},"end":{"line":101,"column":5}},"101":{"start":{"line":102,"column":0},"end":{"line":102,"column":28}},"102":{"start":{"line":103,"column":0},"end":{"line":103,"column":39}},"103":{"start":{"line":104,"column":0},"end":{"line":104,"column":30}},"104":{"start":{"line":105,"column":0},"end":{"line":105,"column":21}},"105":{"start":{"line":106,"column":0},"end":{"line":106,"column":14}},"106":{"start":{"line":107,"column":0},"end":{"line":107,"column":9}},"107":{"start":{"line":108,"column":0},"end":{"line":108,"column":18}},"108":{"start":{"line":109,"column":0},"end":{"line":109,"column":17}},"109":{"start":{"line":110,"column":0},"end":{"line":110,"column":70}},"110":{"start":{"line":111,"column":0},"end":{"line":111,"column":15}},"111":{"start":{"line":112,"column":0},"end":{"line":112,"column":16}},"112":{"start":{"line":113,"column":0},"end":{"line":113,"column":30}},"113":{"start":{"line":114,"column":0},"end":{"line":114,"column":18}},"114":{"start":{"line":115,"column":0},"end":{"line":115,"column":20}},"115":{"start":{"line":116,"column":0},"end":{"line":116,"column":9}},"116":{"start":{"line":117,"column":0},"end":{"line":117,"column":5}},"117":{"start":{"line":118,"column":0},"end":{"line":118,"column":3}},"118":{"start":{"line":119,"column":0},"end":{"line":119,"column":0}},"119":{"start":{"line":120,"column":0},"end":{"line":120,"column":10}},"120":{"start":{"line":121,"column":0},"end":{"line":121,"column":7}},"121":{"start":{"line":122,"column":0},"end":{"line":122,"column":67}},"122":{"start":{"line":123,"column":0},"end":{"line":123,"column":62}},"123":{"start":{"line":124,"column":0},"end":{"line":124,"column":6}},"124":{"start":{"line":125,"column":0},"end":{"line":125,"column":57}},"125":{"start":{"line":126,"column":0},"end":{"line":126,"column":22}},"126":{"start":{"line":127,"column":0},"end":{"line":127,"column":7}},"127":{"start":{"line":128,"column":0},"end":{"line":128,"column":36}},"128":{"start":{"line":129,"column":0},"end":{"line":129,"column":22}},"129":{"start":{"line":130,"column":0},"end":{"line":130,"column":32}},"130":{"start":{"line":131,"column":0},"end":{"line":131,"column":6}},"131":{"start":{"line":132,"column":0},"end":{"line":132,"column":0}},"132":{"start":{"line":133,"column":0},"end":{"line":133,"column":7}},"133":{"start":{"line":134,"column":0},"end":{"line":134,"column":68}},"134":{"start":{"line":135,"column":0},"end":{"line":135,"column":31}},"135":{"start":{"line":136,"column":0},"end":{"line":136,"column":24}},"136":{"start":{"line":137,"column":0},"end":{"line":137,"column":7}},"137":{"start":{"line":138,"column":0},"end":{"line":138,"column":12}},"138":{"start":{"line":139,"column":0},"end":{"line":139,"column":26}},"139":{"start":{"line":140,"column":0},"end":{"line":140,"column":6}},"140":{"start":{"line":141,"column":0},"end":{"line":141,"column":0}},"141":{"start":{"line":142,"column":0},"end":{"line":142,"column":7}},"142":{"start":{"line":143,"column":0},"end":{"line":143,"column":69}},"143":{"start":{"line":144,"column":0},"end":{"line":144,"column":68}},"144":{"start":{"line":145,"column":0},"end":{"line":145,"column":45}},"145":{"start":{"line":146,"column":0},"end":{"line":146,"column":6}},"146":{"start":{"line":147,"column":0},"end":{"line":147,"column":69}},"147":{"start":{"line":148,"column":0},"end":{"line":148,"column":7}},"148":{"start":{"line":149,"column":0},"end":{"line":149,"column":19}},"149":{"start":{"line":150,"column":0},"end":{"line":150,"column":54}},"150":{"start":{"line":151,"column":0},"end":{"line":151,"column":43}},"151":{"start":{"line":152,"column":0},"end":{"line":152,"column":36}},"152":{"start":{"line":153,"column":0},"end":{"line":153,"column":9}},"153":{"start":{"line":154,"column":0},"end":{"line":154,"column":6}},"154":{"start":{"line":155,"column":0},"end":{"line":155,"column":4}},"155":{"start":{"line":156,"column":0},"end":{"line":156,"column":1}}},"s":{"0":1,"1":1,"2":1,"3":1,"4":1,"5":1,"6":1,"7":1,"8":1,"9":1,"10":1,"11":1,"12":1,"13":1,"14":1,"15":1,"16":1,"17":1,"18":1,"19":1,"20":1,"21":1,"22":1,"23":1,"24":1,"25":1,"26":1,"27":1,"28":1,"29":1,"30":1,"31":1,"32":1,"33":1,"34":1,"35":1,"36":1,"37":1,"38":0,"39":0,"40":0,"41":0,"42":0,"43":0,"44":0,"45":0,"46":0,"47":0,"48":0,"49":0,"50":0,"51":0,"52":0,"53":0,"54":0,"55":0,"56":0,"57":0,"58":0,"59":0,"60":0,"61":1,"62":1,"63":1,"64":1,"65":1,"66":1,"67":1,"68":1,"69":1,"70":1,"71":1,"72":1,"73":1,"74":1,"75":1,"76":1,"77":50,"78":50,"79":50,"80":50,"81":50,"82":50,"83":50,"84":50,"85":50,"86":50,"87":50,"88":22,"89":13,"90":13,"91":13,"92":13,"93":22,"94":50,"95":50,"96":50,"97":50,"98":50,"99":50,"100":50,"101":50,"102":44,"103":37,"104":37,"105":22,"106":22,"107":22,"108":44,"109":0,"110":44,"111":22,"112":22,"113":22,"114":22,"115":22,"116":22,"117":44,"118":50,"119":50,"120":50,"121":50,"122":50,"123":50,"124":50,"125":50,"126":50,"127":50,"128":24,"129":24,"130":50,"131":50,"132":50,"133":50,"134":50,"135":50,"136":50,"137":50,"138":0,"139":50,"140":50,"141":50,"142":50,"143":50,"144":50,"145":50,"146":50,"147":50,"148":50,"149":3,"150":3,"151":3,"152":3,"153":50,"154":50,"155":50},"branchMap":{"0":{"type":"branch","line":78,"loc":{"start":{"line":78,"column":0},"end":{"line":156,"column":1}},"locations":[{"start":{"line":78,"column":0},"end":{"line":156,"column":1}}]},"1":{"type":"branch","line":88,"loc":{"start":{"line":88,"column":2},"end":{"line":94,"column":3}},"locations":[{"start":{"line":88,"column":2},"end":{"line":94,"column":3}}]},"2":{"type":"branch","line":89,"loc":{"start":{"line":89,"column":21},"end":{"line":89,"column":43}},"locations":[{"start":{"line":89,"column":21},"end":{"line":89,"column":43}}]},"3":{"type":"branch","line":89,"loc":{"start":{"line":89,"column":45},"end":{"line":93,"column":5}},"locations":[{"start":{"line":89,"column":45},"end":{"line":93,"column":5}}]},"4":{"type":"branch","line":92,"loc":{"start":{"line":92,"column":33},"end":{"line":92,"column":37}},"locations":[{"start":{"line":92,"column":33},"end":{"line":92,"column":37}}]},"5":{"type":"branch","line":102,"loc":{"start":{"line":102,"column":2},"end":{"line":118,"column":3}},"locations":[{"start":{"line":102,"column":2},"end":{"line":118,"column":3}}]},"6":{"type":"branch","line":103,"loc":{"start":{"line":103,"column":32},"end":{"line":103,"column":39}},"locations":[{"start":{"line":103,"column":32},"end":{"line":103,"column":39}}]},"7":{"type":"branch","line":104,"loc":{"start":{"line":104,"column":-1},"end":{"line":105,"column":21}},"locations":[{"start":{"line":104,"column":-1},"end":{"line":105,"column":21}}]},"8":{"type":"branch","line":105,"loc":{"start":{"line":105,"column":14},"end":{"line":109,"column":13}},"locations":[{"start":{"line":105,"column":14},"end":{"line":109,"column":13}}]},"9":{"type":"branch","line":105,"loc":{"start":{"line":105,"column":14},"end":{"line":105,"column":21}},"locations":[{"start":{"line":105,"column":14},"end":{"line":105,"column":21}}]},"10":{"type":"branch","line":106,"loc":{"start":{"line":106,"column":-1},"end":{"line":109,"column":13}},"locations":[{"start":{"line":106,"column":-1},"end":{"line":109,"column":13}}]},"11":{"type":"branch","line":109,"loc":{"start":{"line":109,"column":6},"end":{"line":111,"column":5}},"locations":[{"start":{"line":109,"column":6},"end":{"line":111,"column":5}}]},"12":{"type":"branch","line":111,"loc":{"start":{"line":111,"column":5},"end":{"line":117,"column":5}},"locations":[{"start":{"line":111,"column":5},"end":{"line":117,"column":5}}]},"13":{"type":"branch","line":113,"loc":{"start":{"line":113,"column":23},"end":{"line":116,"column":7}},"locations":[{"start":{"line":113,"column":23},"end":{"line":116,"column":7}}]},"14":{"type":"branch","line":128,"loc":{"start":{"line":128,"column":4},"end":{"line":131,"column":5}},"locations":[{"start":{"line":128,"column":4},"end":{"line":131,"column":5}}]},"15":{"type":"branch","line":149,"loc":{"start":{"line":149,"column":4},"end":{"line":154,"column":5}},"locations":[{"start":{"line":149,"column":4},"end":{"line":154,"column":5}}]},"16":{"type":"branch","line":150,"loc":{"start":{"line":150,"column":47},"end":{"line":150,"column":54}},"locations":[{"start":{"line":150,"column":47},"end":{"line":150,"column":54}}]},"17":{"type":"branch","line":151,"loc":{"start":{"line":151,"column":31},"end":{"line":153,"column":7}},"locations":[{"start":{"line":151,"column":31},"end":{"line":153,"column":7}}]}},"b":{"0":[50],"1":[22],"2":[13],"3":[13],"4":[3],"5":[44],"6":[7],"7":[37],"8":[43],"9":[15],"10":[22],"11":[0],"12":[22],"13":[22],"14":[24],"15":[3],"16":[0],"17":[3]},"fnMap":{"0":{"name":"executeTask","decl":{"start":{"line":38,"column":7},"end":{"line":61,"column":1}},"loc":{"start":{"line":38,"column":7},"end":{"line":61,"column":1}},"line":38},"1":{"name":"createQueue","decl":{"start":{"line":78,"column":0},"end":{"line":156,"column":1}},"loc":{"start":{"line":78,"column":0},"end":{"line":156,"column":1}},"line":78},"2":{"name":"checkIdle","decl":{"start":{"line":88,"column":2},"end":{"line":94,"column":3}},"loc":{"start":{"line":88,"column":2},"end":{"line":94,"column":3}},"line":88},"3":{"name":"runNext","decl":{"start":{"line":102,"column":2},"end":{"line":118,"column":3}},"loc":{"start":{"line":102,"column":2},"end":{"line":118,"column":3}},"line":102},"4":{"name":"push","decl":{"start":{"line":128,"column":4},"end":{"line":131,"column":5}},"loc":{"start":{"line":128,"column":4},"end":{"line":131,"column":5}},"line":128},"5":{"name":"size","decl":{"start":{"line":138,"column":4},"end":{"line":140,"column":5}},"loc":{"start":{"line":138,"column":4},"end":{"line":140,"column":5}},"line":138},"6":{"name":"drain","decl":{"start":{"line":149,"column":4},"end":{"line":154,"column":5}},"loc":{"start":{"line":149,"column":4},"end":{"line":154,"column":5}},"line":149}},"f":{"0":0,"1":50,"2":22,"3":44,"4":24,"5":0,"6":3}}
,"C:\\Projects\\whatsapp-roll-bot\\src\\commands\\roll.ts": {"path":"C:\\Projects\\whatsapp-roll-bot\\src\\commands\\roll.ts","all":false,"statementMap":{"0":{"start":{"line":1,"column":0},"end":{"line":1,"column":3}},"1":{"start":{"line":2,"column":0},"end":{"line":2,"column":31}},"2":{"start":{"line":3,"column":0},"end":{"line":3,"column":2}},"3":{"start":{"line":4,"column":0},"end":{"line":4,"column":75}},"4":{"start":{"line":5,"column":0},"end":{"line":5,"column":69}},"5":{"start":{"line":6,"column":0},"end":{"line":6,"column":72}},"6":{"start":{"line":7,"column":0},"end":{"line":7,"column":63}},"7":{"start":{"line":8,"column":0},"end":{"line":8,"column":2}},"8":{"start":{"line":9,"column":0},"end":{"line":9,"column":27}},"9":{"start":{"line":10,"column":0},"end":{"line":10,"column":21}},"10":{"start":{"line":11,"column":0},"end":{"line":11,"column":32}},"11":{"start":{"line":12,"column":0},"end":{"line":12,"column":50}},"12":{"start":{"line":13,"column":0},"end":{"line":13,"column":2}},"13":{"start":{"line":14,"column":0},"end":{"line":14,"column":24}},"14":{"start":{"line":15,"column":0},"end":{"line":15,"column":3}},"15":{"start":{"line":16,"column":0},"end":{"line":16,"column":0}},"16":{"start":{"line":17,"column":0},"end":{"line":17,"column":3}},"17":{"start":{"line":18,"column":0},"end":{"line":18,"column":54}},"18":{"start":{"line":19,"column":0},"end":{"line":19,"column":21}},"19":{"start":{"line":20,"column":0},"end":{"line":20,"column":32}},"20":{"start":{"line":21,"column":0},"end":{"line":21,"column":50}},"21":{"start":{"line":22,"column":0},"end":{"line":22,"column":2}},"22":{"start":{"line":23,"column":0},"end":{"line":23,"column":12}},"23":{"start":{"line":24,"column":0},"end":{"line":24,"column":8}},"24":{"start":{"line":25,"column":0},"end":{"line":25,"column":57}},"25":{"start":{"line":26,"column":0},"end":{"line":26,"column":56}},"26":{"start":{"line":27,"column":0},"end":{"line":27,"column":39}},"27":{"start":{"line":28,"column":0},"end":{"line":28,"column":6}},"28":{"start":{"line":29,"column":0},"end":{"line":29,"column":2}},"29":{"start":{"line":30,"column":0},"end":{"line":30,"column":51}},"30":{"start":{"line":31,"column":0},"end":{"line":31,"column":117}},"31":{"start":{"line":32,"column":0},"end":{"line":32,"column":3}},"32":{"start":{"line":33,"column":0},"end":{"line":33,"column":89}},"33":{"start":{"line":34,"column":0},"end":{"line":34,"column":38}},"34":{"start":{"line":35,"column":0},"end":{"line":35,"column":59}},"35":{"start":{"line":36,"column":0},"end":{"line":36,"column":70}},"36":{"start":{"line":37,"column":0},"end":{"line":37,"column":10}},"37":{"start":{"line":38,"column":0},"end":{"line":38,"column":37}},"38":{"start":{"line":39,"column":0},"end":{"line":39,"column":31}},"39":{"start":{"line":40,"column":0},"end":{"line":40,"column":3}},"40":{"start":{"line":41,"column":0},"end":{"line":41,"column":87}},"41":{"start":{"line":42,"column":0},"end":{"line":42,"column":10}},"42":{"start":{"line":43,"column":0},"end":{"line":43,"column":37}},"43":{"start":{"line":44,"column":0},"end":{"line":44,"column":37}},"44":{"start":{"line":45,"column":0},"end":{"line":45,"column":28}},"45":{"start":{"line":46,"column":0},"end":{"line":46,"column":3}},"46":{"start":{"line":47,"column":0},"end":{"line":47,"column":50}},"47":{"start":{"line":48,"column":0},"end":{"line":48,"column":10}},"48":{"start":{"line":49,"column":0},"end":{"line":49,"column":37}},"49":{"start":{"line":50,"column":0},"end":{"line":50,"column":37}},"50":{"start":{"line":51,"column":0},"end":{"line":51,"column":28}},"51":{"start":{"line":52,"column":0},"end":{"line":52,"column":3}},"52":{"start":{"line":53,"column":0},"end":{"line":53,"column":14}},"53":{"start":{"line":54,"column":0},"end":{"line":54,"column":1}},"54":{"start":{"line":55,"column":0},"end":{"line":55,"column":0}},"55":{"start":{"line":56,"column":0},"end":{"line":56,"column":3}},"56":{"start":{"line":57,"column":0},"end":{"line":57,"column":60}},"57":{"start":{"line":58,"column":0},"end":{"line":58,"column":2}},"58":{"start":{"line":59,"column":0},"end":{"line":59,"column":72}},"59":{"start":{"line":60,"column":0},"end":{"line":60,"column":68}},"60":{"start":{"line":61,"column":0},"end":{"line":61,"column":58}},"61":{"start":{"line":62,"column":0},"end":{"line":62,"column":2}},"62":{"start":{"line":63,"column":0},"end":{"line":63,"column":82}},"63":{"start":{"line":64,"column":0},"end":{"line":64,"column":111}},"64":{"start":{"line":65,"column":0},"end":{"line":65,"column":67}},"65":{"start":{"line":66,"column":0},"end":{"line":66,"column":56}},"66":{"start":{"line":67,"column":0},"end":{"line":67,"column":3}},"67":{"start":{"line":68,"column":0},"end":{"line":68,"column":71}},"68":{"start":{"line":69,"column":0},"end":{"line":69,"column":97}},"69":{"start":{"line":70,"column":0},"end":{"line":70,"column":42}},"70":{"start":{"line":71,"column":0},"end":{"line":71,"column":1}},"71":{"start":{"line":72,"column":0},"end":{"line":72,"column":0}},"72":{"start":{"line":73,"column":0},"end":{"line":73,"column":3}},"73":{"start":{"line":74,"column":0},"end":{"line":74,"column":61}},"74":{"start":{"line":75,"column":0},"end":{"line":75,"column":2}},"75":{"start":{"line":76,"column":0},"end":{"line":76,"column":45}},"76":{"start":{"line":77,"column":0},"end":{"line":77,"column":62}},"77":{"start":{"line":78,"column":0},"end":{"line":78,"column":64}},"78":{"start":{"line":79,"column":0},"end":{"line":79,"column":71}},"79":{"start":{"line":80,"column":0},"end":{"line":80,"column":3}},"80":{"start":{"line":81,"column":0},"end":{"line":81,"column":74}},"81":{"start":{"line":82,"column":0},"end":{"line":82,"column":65}},"82":{"start":{"line":83,"column":0},"end":{"line":83,"column":1}}},"s":{"0":1,"1":1,"2":1,"3":1,"4":1,"5":1,"6":1,"7":1,"8":1,"9":1,"10":1,"11":1,"12":1,"13":1,"14":1,"15":1,"16":1,"17":1,"18":1,"19":1,"20":1,"21":1,"22":1,"23":1,"24":1,"25":1,"26":1,"27":1,"28":1,"29":1,"30":1,"31":1,"32":5,"33":5,"34":5,"35":5,"36":5,"37":3,"38":3,"39":3,"40":5,"41":5,"42":0,"43":0,"44":0,"45":0,"46":2,"47":5,"48":0,"49":0,"50":0,"51":0,"52":2,"53":2,"54":1,"55":1,"56":1,"57":1,"58":1,"59":1,"60":1,"61":1,"62":1,"63":1,"64":1,"65":1,"66":1,"67":5,"68":5,"69":2,"70":2,"71":1,"72":1,"73":1,"74":1,"75":1,"76":1,"77":1,"78":1,"79":1,"80":5,"81":5,"82":5},"branchMap":{"0":{"type":"branch","line":33,"loc":{"start":{"line":33,"column":0},"end":{"line":54,"column":1}},"locations":[{"start":{"line":33,"column":0},"end":{"line":54,"column":1}}]},"1":{"type":"branch","line":36,"loc":{"start":{"line":36,"column":34},"end":{"line":36,"column":69}},"locations":[{"start":{"line":36,"column":34},"end":{"line":36,"column":69}}]},"2":{"type":"branch","line":37,"loc":{"start":{"line":37,"column":9},"end":{"line":41,"column":86}},"locations":[{"start":{"line":37,"column":9},"end":{"line":41,"column":86}}]},"3":{"type":"branch","line":37,"loc":{"start":{"line":37,"column":9},"end":{"line":40,"column":3}},"locations":[{"start":{"line":37,"column":9},"end":{"line":40,"column":3}}]},"4":{"type":"branch","line":41,"loc":{"start":{"line":41,"column":-1},"end":{"line":41,"column":86}},"locations":[{"start":{"line":41,"column":-1},"end":{"line":41,"column":86}}]},"5":{"type":"branch","line":42,"loc":{"start":{"line":42,"column":9},"end":{"line":46,"column":3}},"locations":[{"start":{"line":42,"column":9},"end":{"line":46,"column":3}}]},"6":{"type":"branch","line":47,"loc":{"start":{"line":47,"column":-1},"end":{"line":48,"column":9}},"locations":[{"start":{"line":47,"column":-1},"end":{"line":48,"column":9}}]},"7":{"type":"branch","line":48,"loc":{"start":{"line":48,"column":9},"end":{"line":52,"column":3}},"locations":[{"start":{"line":48,"column":9},"end":{"line":52,"column":3}}]},"8":{"type":"branch","line":53,"loc":{"start":{"line":53,"column":-1},"end":{"line":54,"column":1}},"locations":[{"start":{"line":53,"column":-1},"end":{"line":54,"column":1}}]},"9":{"type":"branch","line":68,"loc":{"start":{"line":68,"column":0},"end":{"line":71,"column":1}},"locations":[{"start":{"line":68,"column":0},"end":{"line":71,"column":1}}]},"10":{"type":"branch","line":69,"loc":{"start":{"line":69,"column":30},"end":{"line":69,"column":43}},"locations":[{"start":{"line":69,"column":30},"end":{"line":69,"column":43}}]},"11":{"type":"branch","line":69,"loc":{"start":{"line":69,"column":45},"end":{"line":69,"column":97}},"locations":[{"start":{"line":69,"column":45},"end":{"line":69,"column":97}}]},"12":{"type":"branch","line":70,"loc":{"start":{"line":70,"column":-1},"end":{"line":71,"column":1}},"locations":[{"start":{"line":70,"column":-1},"end":{"line":71,"column":1}}]},"13":{"type":"branch","line":81,"loc":{"start":{"line":81,"column":0},"end":{"line":83,"column":1}},"locations":[{"start":{"line":81,"column":0},"end":{"line":83,"column":1}}]},"14":{"type":"branch","line":82,"loc":{"start":{"line":82,"column":48},"end":{"line":82,"column":64}},"locations":[{"start":{"line":82,"column":48},"end":{"line":82,"column":64}}]}},"b":{"0":[5],"1":[3],"2":[4],"3":[3],"4":[2],"5":[0],"6":[2],"7":[0],"8":[2],"9":[5],"10":[4],"11":[3],"12":[2],"13":[5],"14":[4]},"fnMap":{"0":{"name":"parseRollCommand","decl":{"start":{"line":33,"column":0},"end":{"line":54,"column":1}},"loc":{"start":{"line":33,"column":0},"end":{"line":54,"column":1}},"line":33},"1":{"name":"rollDice","decl":{"start":{"line":68,"column":0},"end":{"line":71,"column":1}},"loc":{"start":{"line":68,"column":0},"end":{"line":71,"column":1}},"line":68},"2":{"name":"isValidSides","decl":{"start":{"line":81,"column":0},"end":{"line":83,"column":1}},"loc":{"start":{"line":81,"column":0},"end":{"line":83,"column":1}},"line":81}},"f":{"0":5,"1":5,"2":5}}
}
