TN:
SF:src\accessControl.ts
FN:55,createAccessControl
FN:66,matchWithOption
FN:72,matchPrefix
FN:77,isContactWhitelisted
FN:82,isGroupWhitelisted
FN:87,isContactBlacklisted
FN:92,isGroupBlacklisted
FN:97,isTextBlacklisted
FN:102,isPrefixBlacklisted
FN:106,isAdmin
FN:111,isCommandWhitelisted
FN:116,isCommandBlacklisted
FN:121,isAdminCommandAllowed
FN:138,checkPairingPasscode
FN:143,isTrustedNumber
FN:154,isMessageAllowed
FNF:16
FNH:15
FNDA:11,createAccessControl
FNDA:30,matchWithOption
FNDA:7,matchPrefix
FNDA:4,isContactWhitelisted
FNDA:2,isGroupWhitelisted
FNDA:7,isContactBlacklisted
FNDA:2,isGroupBlacklisted
FNDA:7,isTextBlacklisted
FNDA:7,isPrefixBlacklisted
FNDA:7,isAdmin
FNDA:2,isCommandWhitelisted
FNDA:0,isCommandBlacklisted
FNDA:7,isAdminCommandAllowed
FNDA:2,checkPairingPasscode
FNDA:1,isTrustedNumber
FNDA:7,isMessageAllowed
DA:1,1
DA:2,1
DA:3,1
DA:4,1
DA:5,1
DA:6,1
DA:7,1
DA:8,1
DA:9,1
DA:10,1
DA:11,1
DA:12,1
DA:13,1
DA:14,1
DA:15,1
DA:16,1
DA:17,1
DA:18,1
DA:19,1
DA:20,1
DA:21,1
DA:22,1
DA:23,1
DA:24,1
DA:25,1
DA:26,1
DA:27,1
DA:28,1
DA:29,1
DA:30,1
DA:31,1
DA:32,1
DA:33,1
DA:34,1
DA:35,1
DA:36,1
DA:37,1
DA:38,1
DA:39,1
DA:40,1
DA:41,1
DA:42,1
DA:43,1
DA:44,1
DA:45,1
DA:46,1
DA:47,1
DA:48,1
DA:49,1
DA:50,1
DA:51,1
DA:52,1
DA:53,1
DA:54,1
DA:55,11
DA:56,11
DA:57,11
DA:58,11
DA:59,11
DA:60,11
DA:61,11
DA:62,11
DA:63,11
DA:64,11
DA:65,11
DA:66,11
DA:67,30
DA:68,30
DA:69,19
DA:70,19
DA:71,11
DA:72,11
DA:73,7
DA:74,0
DA:75,0
DA:76,11
DA:77,11
DA:78,4
DA:79,4
DA:80,4
DA:81,11
DA:82,11
DA:83,2
DA:84,2
DA:85,2
DA:86,11
DA:87,11
DA:88,7
DA:89,7
DA:90,7
DA:91,11
DA:92,11
DA:93,2
DA:94,2
DA:95,2
DA:96,11
DA:97,11
DA:98,7
DA:99,7
DA:100,7
DA:101,11
DA:102,11
DA:103,7
DA:104,7
DA:105,11
DA:106,11
DA:107,7
DA:108,7
DA:109,7
DA:110,11
DA:111,11
DA:112,2
DA:113,2
DA:114,2
DA:115,11
DA:116,11
DA:117,0
DA:118,0
DA:119,0
DA:120,11
DA:121,11
DA:122,7
DA:123,7
DA:124,7
DA:125,7
DA:126,7
DA:127,7
DA:128,7
DA:129,7
DA:130,7
DA:131,7
DA:132,2
DA:133,7
DA:134,7
DA:135,2
DA:136,2
DA:137,11
DA:138,11
DA:139,2
DA:140,2
DA:141,2
DA:142,11
DA:143,11
DA:144,1
DA:145,1
DA:146,0
DA:147,0
DA:148,0
DA:149,11
DA:150,11
DA:151,11
DA:152,11
DA:153,11
DA:154,11
DA:155,7
DA:156,7
DA:157,7
DA:158,7
DA:159,7
DA:160,7
DA:161,7
DA:162,7
DA:163,7
DA:164,7
DA:165,7
DA:166,7
DA:167,7
DA:168,7
DA:169,6
DA:170,7
DA:171,7
DA:172,7
DA:173,0
DA:174,0
DA:175,0
DA:176,6
DA:177,6
DA:178,6
DA:179,6
DA:180,7
DA:181,7
DA:182,7
DA:183,7
DA:184,7
DA:185,7
DA:186,7
DA:187,0
DA:188,0
DA:189,0
DA:190,0
DA:191,0
DA:192,0
DA:193,0
DA:194,0
DA:195,0
DA:196,0
DA:197,0
DA:198,0
DA:199,0
DA:200,6
DA:201,6
DA:202,7
DA:203,7
DA:204,7
DA:205,7
DA:206,7
DA:207,7
DA:208,2
DA:209,2
DA:210,11
DA:211,11
DA:212,11
DA:213,11
DA:214,11
DA:215,11
DA:216,11
DA:217,11
DA:218,11
DA:219,11
DA:220,11
DA:221,11
DA:222,11
DA:223,11
DA:224,11
DA:225,11
LF:225
LH:201
BRDA:55,0,0,11
BRDA:56,1,0,10
BRDA:56,2,0,9
BRDA:57,3,0,10
BRDA:57,4,0,10
BRDA:58,5,0,10
BRDA:58,6,0,8
BRDA:59,7,0,10
BRDA:59,8,0,4
BRDA:61,9,0,10
BRDA:62,10,0,10
BRDA:62,11,0,0
BRDA:63,12,0,10
BRDA:63,13,0,0
BRDA:64,14,0,10
BRDA:64,15,0,0
BRDA:61,16,0,1
BRDA:66,17,0,30
BRDA:67,18,0,19
BRDA:67,19,0,11
BRDA:68,20,0,19
BRDA:68,21,0,0
BRDA:69,22,0,19
BRDA:72,23,0,7
BRDA:73,24,0,0
BRDA:74,25,0,0
BRDA:77,26,0,4
BRDA:78,27,0,0
BRDA:82,28,0,2
BRDA:83,29,0,0
BRDA:87,30,0,7
BRDA:88,31,0,0
BRDA:92,32,0,2
BRDA:93,33,0,0
BRDA:97,34,0,7
BRDA:98,35,0,0
BRDA:99,36,0,2
BRDA:102,37,0,7
BRDA:106,38,0,7
BRDA:107,39,0,0
BRDA:108,40,0,0
BRDA:111,41,0,2
BRDA:112,42,0,0
BRDA:121,43,0,7
BRDA:122,44,0,0
BRDA:124,45,0,0
BRDA:125,46,0,0
BRDA:128,47,0,0
BRDA:129,48,0,0
BRDA:129,49,0,0
BRDA:131,50,0,2
BRDA:132,51,0,0
BRDA:132,52,0,0
BRDA:134,53,0,5
BRDA:135,54,0,2
BRDA:138,55,0,2
BRDA:139,56,0,0
BRDA:143,57,0,1
BRDA:144,58,0,0
BRDA:146,59,0,0
BRDA:154,60,0,7
BRDA:162,61,0,0
BRDA:162,62,0,0
BRDA:163,63,0,0
BRDA:163,64,0,0
BRDA:166,65,0,0
BRDA:167,66,0,2
BRDA:167,67,0,0
BRDA:168,68,0,1
BRDA:169,69,0,6
BRDA:170,70,0,5
BRDA:170,71,0,6
BRDA:172,72,0,0
BRDA:176,73,0,6
BRDA:180,74,0,6
BRDA:181,75,0,4
BRDA:181,76,0,4
BRDA:182,77,0,2
BRDA:182,78,0,2
BRDA:186,79,0,0
BRDA:200,80,0,6
BRDA:202,81,0,2
BRDA:203,82,0,4
BRDA:203,83,0,3
BRDA:203,84,0,0
BRDA:204,85,0,1
BRDA:205,86,0,3
BRDA:205,87,0,2
BRDA:205,88,0,1
BRDA:206,89,0,2
BRDA:206,90,0,0
BRDA:207,91,0,0
BRDA:208,92,0,2
BRF:93
BRH:57
end_of_record
TN:
SF:src\admin.ts
FN:25,setAdminChannel
FN:50,unsetAdminChannel
FN:76,listJailed
FN:92,unjail
FNF:4
FNH:2
FNDA:1,setAdminChannel
FNDA:1,unsetAdminChannel
FNDA:0,listJailed
FNDA:0,unjail
DA:1,1
DA:2,1
DA:3,1
DA:4,1
DA:5,1
DA:6,1
DA:7,1
DA:8,1
DA:9,1
DA:10,1
DA:11,1
DA:12,1
DA:13,1
DA:14,1
DA:15,1
DA:16,1
DA:17,1
DA:18,1
DA:19,1
DA:20,1
DA:21,1
DA:22,1
DA:23,1
DA:24,1
DA:25,1
DA:26,1
DA:27,1
DA:28,1
DA:29,1
DA:30,1
DA:31,1
DA:32,1
DA:33,1
DA:34,1
DA:35,1
DA:36,0
DA:37,0
DA:38,0
DA:39,0
DA:40,0
DA:41,0
DA:42,1
DA:43,1
DA:44,1
DA:45,1
DA:46,1
DA:47,1
DA:48,1
DA:49,1
DA:50,1
DA:51,1
DA:52,1
DA:53,1
DA:54,1
DA:55,1
DA:56,1
DA:57,1
DA:58,0
DA:59,0
DA:60,0
DA:61,0
DA:62,0
DA:63,0
DA:64,1
DA:65,1
DA:66,1
DA:67,1
DA:68,1
DA:69,1
DA:70,1
DA:71,1
DA:72,1
DA:73,1
DA:74,1
DA:75,1
DA:76,0
DA:77,0
DA:78,0
DA:79,0
DA:80,0
DA:81,0
DA:82,0
DA:83,0
DA:84,1
DA:85,1
DA:86,1
DA:87,1
DA:88,1
DA:89,1
DA:90,1
DA:91,1
DA:92,1
DA:93,0
DA:94,0
DA:95,0
DA:96,0
DA:97,0
DA:98,0
DA:99,0
LF:99
LH:72
BRDA:25,0,0,1
BRDA:29,1,0,0
BRDA:30,2,0,0
BRDA:35,3,0,0
BRDA:50,4,0,1
BRDA:57,5,0,0
BRF:6
BRH:2
end_of_record
TN:
SF:src\asyncLogger.ts
FN:29,enqueueLog
FN:50,safeEnqueue
FNF:2
FNH:2
FNDA:18,enqueueLog
FNDA:1,safeEnqueue
DA:1,1
DA:2,1
DA:3,1
DA:4,1
DA:5,1
DA:6,1
DA:7,1
DA:8,1
DA:9,1
DA:10,1
DA:11,1
DA:12,1
DA:13,1
DA:14,1
DA:15,1
DA:16,1
DA:17,1
DA:18,1
DA:19,1
DA:20,1
DA:21,1
DA:22,1
DA:23,1
DA:24,1
DA:25,1
DA:26,1
DA:27,1
DA:28,1
DA:29,18
DA:30,18
DA:31,16
DA:32,16
DA:33,18
DA:34,18
DA:35,1
DA:36,1
DA:37,1
DA:38,1
DA:39,1
DA:40,1
DA:41,1
DA:42,1
DA:43,1
DA:44,1
DA:45,1
DA:46,1
DA:47,1
DA:48,1
DA:49,1
DA:50,1
DA:51,1
DA:52,1
DA:53,1
DA:54,1
DA:55,0
DA:56,0
DA:57,0
DA:58,0
DA:59,0
DA:60,0
DA:61,0
DA:62,0
DA:63,1
LF:63
LH:55
BRDA:29,0,0,18
BRDA:30,1,0,16
BRDA:50,2,0,1
BRDA:54,3,0,0
BRF:4
BRH:3
end_of_record
TN:
SF:src\bot.ts
FN:23,start
FN:750,gracefulShutdown
FN:814,shutdown
FN:866,getStoreSnapshot
FNF:4
FNH:1
FNDA:0,start
FNDA:0,gracefulShutdown
FNDA:1,shutdown
FNDA:0,getStoreSnapshot
DA:1,1
DA:2,1
DA:3,1
DA:4,1
DA:5,1
DA:6,1
DA:7,1
DA:8,1
DA:9,1
DA:10,1
DA:11,1
DA:12,1
DA:13,1
DA:14,1
DA:15,1
DA:16,1
DA:17,1
DA:18,1
DA:19,1
DA:20,1
DA:21,1
DA:22,1
DA:23,1
DA:24,0
DA:25,0
DA:26,0
DA:27,0
DA:28,0
DA:29,0
DA:30,0
DA:31,0
DA:32,0
DA:33,0
DA:34,0
DA:35,0
DA:36,0
DA:37,0
DA:38,0
DA:39,0
DA:40,0
DA:41,0
DA:42,0
DA:43,0
DA:44,0
DA:45,0
DA:46,0
DA:47,0
DA:48,0
DA:49,0
DA:50,0
DA:51,0
DA:52,0
DA:53,0
DA:54,0
DA:55,0
DA:56,0
DA:57,0
DA:58,0
DA:59,0
DA:60,0
DA:61,0
DA:62,0
DA:63,0
DA:64,0
DA:65,0
DA:66,0
DA:67,0
DA:68,0
DA:69,0
DA:70,0
DA:71,0
DA:72,0
DA:73,0
DA:74,0
DA:75,0
DA:76,0
DA:77,0
DA:78,0
DA:79,0
DA:80,0
DA:81,0
DA:82,0
DA:83,0
DA:84,0
DA:85,0
DA:86,0
DA:87,0
DA:88,0
DA:89,0
DA:90,0
DA:91,0
DA:92,0
DA:93,0
DA:94,0
DA:95,0
DA:96,0
DA:97,0
DA:98,0
DA:99,0
DA:100,0
DA:101,0
DA:102,0
DA:103,0
DA:104,0
DA:105,0
DA:106,0
DA:107,0
DA:108,0
DA:109,0
DA:110,0
DA:111,0
DA:112,0
DA:113,0
DA:114,0
DA:115,0
DA:116,0
DA:117,0
DA:118,0
DA:119,0
DA:120,0
DA:121,0
DA:122,0
DA:123,0
DA:124,0
DA:125,0
DA:126,0
DA:127,0
DA:128,0
DA:129,0
DA:130,0
DA:131,0
DA:132,0
DA:133,0
DA:134,0
DA:135,0
DA:136,0
DA:137,0
DA:138,0
DA:139,0
DA:140,0
DA:141,0
DA:142,0
DA:143,0
DA:144,0
DA:145,0
DA:146,0
DA:147,0
DA:148,0
DA:149,0
DA:150,0
DA:151,0
DA:152,0
DA:153,0
DA:154,0
DA:155,0
DA:156,0
DA:157,0
DA:158,0
DA:159,0
DA:160,0
DA:161,0
DA:162,0
DA:163,0
DA:164,0
DA:165,0
DA:166,0
DA:167,0
DA:168,0
DA:169,0
DA:170,0
DA:171,0
DA:172,0
DA:173,0
DA:174,0
DA:175,0
DA:176,0
DA:177,0
DA:178,0
DA:179,0
DA:180,0
DA:181,0
DA:182,0
DA:183,0
DA:184,0
DA:185,0
DA:186,0
DA:187,0
DA:188,0
DA:189,0
DA:190,0
DA:191,0
DA:192,0
DA:193,0
DA:194,0
DA:195,0
DA:196,0
DA:197,0
DA:198,0
DA:199,0
DA:200,0
DA:201,0
DA:202,0
DA:203,0
DA:204,0
DA:205,0
DA:206,0
DA:207,0
DA:208,0
DA:209,0
DA:210,0
DA:211,0
DA:212,0
DA:213,0
DA:214,0
DA:215,0
DA:216,0
DA:217,0
DA:218,0
DA:219,0
DA:220,0
DA:221,0
DA:222,0
DA:223,0
DA:224,0
DA:225,0
DA:226,0
DA:227,0
DA:228,0
DA:229,0
DA:230,0
DA:231,0
DA:232,0
DA:233,0
DA:234,0
DA:235,0
DA:236,0
DA:237,0
DA:238,0
DA:239,0
DA:240,0
DA:241,0
DA:242,0
DA:243,0
DA:244,0
DA:245,0
DA:246,0
DA:247,0
DA:248,0
DA:249,0
DA:250,0
DA:251,0
DA:252,0
DA:253,0
DA:254,0
DA:255,0
DA:256,0
DA:257,0
DA:258,0
DA:259,0
DA:260,0
DA:261,0
DA:262,0
DA:263,0
DA:264,0
DA:265,0
DA:266,0
DA:267,0
DA:268,0
DA:269,0
DA:270,0
DA:271,0
DA:272,0
DA:273,0
DA:274,0
DA:275,0
DA:276,0
DA:277,0
DA:278,0
DA:279,0
DA:280,0
DA:281,0
DA:282,0
DA:283,0
DA:284,0
DA:285,0
DA:286,0
DA:287,0
DA:288,0
DA:289,0
DA:290,0
DA:291,0
DA:292,0
DA:293,0
DA:294,0
DA:295,0
DA:296,0
DA:297,0
DA:298,0
DA:299,0
DA:300,0
DA:301,0
DA:302,0
DA:303,0
DA:304,0
DA:305,0
DA:306,0
DA:307,0
DA:308,0
DA:309,0
DA:310,0
DA:311,0
DA:312,0
DA:313,0
DA:314,0
DA:315,0
DA:316,0
DA:317,0
DA:318,0
DA:319,0
DA:320,0
DA:321,0
DA:322,0
DA:323,0
DA:324,0
DA:325,0
DA:326,0
DA:327,0
DA:328,0
DA:329,0
DA:330,0
DA:331,0
DA:332,0
DA:333,0
DA:334,0
DA:335,0
DA:336,0
DA:337,0
DA:338,0
DA:339,0
DA:340,0
DA:341,0
DA:342,0
DA:343,0
DA:344,0
DA:345,0
DA:346,0
DA:347,0
DA:348,0
DA:349,0
DA:350,0
DA:351,0
DA:352,0
DA:353,0
DA:354,0
DA:355,0
DA:356,0
DA:357,0
DA:358,0
DA:359,0
DA:360,0
DA:361,0
DA:362,0
DA:363,0
DA:364,0
DA:365,0
DA:366,0
DA:367,0
DA:368,0
DA:369,0
DA:370,0
DA:371,0
DA:372,0
DA:373,0
DA:374,0
DA:375,0
DA:376,0
DA:377,0
DA:378,0
DA:379,0
DA:380,0
DA:381,0
DA:382,0
DA:383,0
DA:384,0
DA:385,0
DA:386,0
DA:387,0
DA:388,0
DA:389,0
DA:390,0
DA:391,0
DA:392,0
DA:393,0
DA:394,0
DA:395,0
DA:396,0
DA:397,0
DA:398,0
DA:399,0
DA:400,0
DA:401,0
DA:402,0
DA:403,0
DA:404,0
DA:405,0
DA:406,0
DA:407,0
DA:408,0
DA:409,0
DA:410,0
DA:411,0
DA:412,0
DA:413,0
DA:414,0
DA:415,0
DA:416,0
DA:417,0
DA:418,0
DA:419,0
DA:420,0
DA:421,0
DA:422,0
DA:423,0
DA:424,0
DA:425,0
DA:426,0
DA:427,0
DA:428,0
DA:429,0
DA:430,0
DA:431,0
DA:432,0
DA:433,0
DA:434,0
DA:435,0
DA:436,0
DA:437,0
DA:438,0
DA:439,0
DA:440,0
DA:441,0
DA:442,0
DA:443,0
DA:444,0
DA:445,0
DA:446,0
DA:447,0
DA:448,0
DA:449,0
DA:450,0
DA:451,0
DA:452,0
DA:453,0
DA:454,0
DA:455,0
DA:456,0
DA:457,0
DA:458,0
DA:459,0
DA:460,0
DA:461,0
DA:462,0
DA:463,0
DA:464,0
DA:465,0
DA:466,0
DA:467,0
DA:468,0
DA:469,0
DA:470,0
DA:471,0
DA:472,0
DA:473,0
DA:474,0
DA:475,0
DA:476,0
DA:477,0
DA:478,0
DA:479,0
DA:480,0
DA:481,0
DA:482,0
DA:483,0
DA:484,0
DA:485,0
DA:486,0
DA:487,0
DA:488,0
DA:489,0
DA:490,0
DA:491,0
DA:492,0
DA:493,0
DA:494,0
DA:495,0
DA:496,0
DA:497,0
DA:498,0
DA:499,0
DA:500,0
DA:501,0
DA:502,0
DA:503,0
DA:504,0
DA:505,0
DA:506,0
DA:507,0
DA:508,0
DA:509,0
DA:510,0
DA:511,0
DA:512,0
DA:513,0
DA:514,0
DA:515,0
DA:516,0
DA:517,0
DA:518,0
DA:519,0
DA:520,0
DA:521,0
DA:522,0
DA:523,0
DA:524,0
DA:525,0
DA:526,0
DA:527,0
DA:528,0
DA:529,0
DA:530,0
DA:531,0
DA:532,0
DA:533,0
DA:534,0
DA:535,0
DA:536,0
DA:537,0
DA:538,0
DA:539,0
DA:540,0
DA:541,0
DA:542,0
DA:543,0
DA:544,0
DA:545,0
DA:546,0
DA:547,0
DA:548,0
DA:549,0
DA:550,0
DA:551,0
DA:552,0
DA:553,0
DA:554,0
DA:555,0
DA:556,0
DA:557,0
DA:558,0
DA:559,0
DA:560,0
DA:561,0
DA:562,0
DA:563,0
DA:564,0
DA:565,0
DA:566,0
DA:567,0
DA:568,0
DA:569,0
DA:570,0
DA:571,0
DA:572,0
DA:573,0
DA:574,0
DA:575,0
DA:576,0
DA:577,0
DA:578,0
DA:579,0
DA:580,0
DA:581,0
DA:582,0
DA:583,0
DA:584,0
DA:585,0
DA:586,0
DA:587,0
DA:588,0
DA:589,0
DA:590,0
DA:591,0
DA:592,0
DA:593,0
DA:594,0
DA:595,0
DA:596,0
DA:597,0
DA:598,0
DA:599,0
DA:600,0
DA:601,0
DA:602,0
DA:603,0
DA:604,0
DA:605,0
DA:606,0
DA:607,0
DA:608,0
DA:609,0
DA:610,0
DA:611,0
DA:612,0
DA:613,0
DA:614,0
DA:615,0
DA:616,0
DA:617,0
DA:618,0
DA:619,0
DA:620,0
DA:621,0
DA:622,0
DA:623,0
DA:624,0
DA:625,0
DA:626,0
DA:627,0
DA:628,0
DA:629,0
DA:630,0
DA:631,0
DA:632,0
DA:633,0
DA:634,0
DA:635,0
DA:636,0
DA:637,0
DA:638,0
DA:639,0
DA:640,0
DA:641,0
DA:642,0
DA:643,0
DA:644,0
DA:645,0
DA:646,0
DA:647,0
DA:648,0
DA:649,0
DA:650,0
DA:651,0
DA:652,0
DA:653,0
DA:654,0
DA:655,0
DA:656,0
DA:657,0
DA:658,0
DA:659,0
DA:660,0
DA:661,0
DA:662,0
DA:663,0
DA:664,0
DA:665,0
DA:666,0
DA:667,0
DA:668,0
DA:669,0
DA:670,0
DA:671,0
DA:672,0
DA:673,0
DA:674,0
DA:675,0
DA:676,0
DA:677,0
DA:678,0
DA:679,0
DA:680,0
DA:681,0
DA:682,0
DA:683,0
DA:684,0
DA:685,0
DA:686,0
DA:687,0
DA:688,0
DA:689,0
DA:690,0
DA:691,0
DA:692,0
DA:693,0
DA:694,0
DA:695,0
DA:696,0
DA:697,0
DA:698,0
DA:699,0
DA:700,0
DA:701,0
DA:702,0
DA:703,0
DA:704,0
DA:705,0
DA:706,0
DA:707,0
DA:708,0
DA:709,0
DA:710,0
DA:711,0
DA:712,0
DA:713,0
DA:714,0
DA:715,0
DA:716,0
DA:717,0
DA:718,0
DA:719,0
DA:720,0
DA:721,0
DA:722,0
DA:723,0
DA:724,0
DA:725,0
DA:726,0
DA:727,0
DA:728,0
DA:729,0
DA:730,0
DA:731,0
DA:732,0
DA:733,0
DA:734,0
DA:735,0
DA:736,0
DA:737,0
DA:738,0
DA:739,0
DA:740,0
DA:741,1
DA:742,1
DA:743,1
DA:744,1
DA:745,1
DA:746,1
DA:747,1
DA:748,1
DA:749,1
DA:750,0
DA:751,0
DA:752,0
DA:753,0
DA:754,0
DA:755,0
DA:756,0
DA:757,0
DA:758,0
DA:759,0
DA:760,0
DA:761,0
DA:762,0
DA:763,0
DA:764,0
DA:765,0
DA:766,0
DA:767,0
DA:768,0
DA:769,0
DA:770,0
DA:771,0
DA:772,0
DA:773,0
DA:774,0
DA:775,0
DA:776,0
DA:777,0
DA:778,0
DA:779,0
DA:780,0
DA:781,0
DA:782,0
DA:783,0
DA:784,0
DA:785,0
DA:786,0
DA:787,0
DA:788,0
DA:789,0
DA:790,0
DA:791,0
DA:792,0
DA:793,0
DA:794,0
DA:795,0
DA:796,0
DA:797,0
DA:798,0
DA:799,0
DA:800,0
DA:801,0
DA:802,0
DA:803,0
DA:804,1
DA:805,1
DA:806,1
DA:807,1
DA:808,1
DA:809,1
DA:810,1
DA:811,1
DA:812,1
DA:813,1
DA:814,1
DA:815,1
DA:816,1
DA:817,1
DA:818,1
DA:819,1
DA:820,1
DA:821,1
DA:822,1
DA:823,1
DA:824,1
DA:825,0
DA:826,0
DA:827,1
DA:828,1
DA:829,1
DA:830,0
DA:831,0
DA:832,1
DA:833,1
DA:834,1
DA:835,1
DA:836,1
DA:837,1
DA:838,0
DA:839,0
DA:840,1
DA:841,1
DA:842,1
DA:843,0
DA:844,0
DA:845,0
DA:846,0
DA:847,0
DA:848,0
DA:849,0
DA:850,0
DA:851,1
DA:852,0
DA:853,1
DA:854,1
DA:855,1
DA:856,1
DA:857,1
DA:858,1
DA:859,1
DA:860,1
DA:861,1
DA:862,1
DA:863,1
DA:864,1
DA:865,1
DA:866,0
DA:867,0
DA:868,0
DA:869,0
DA:870,0
DA:871,0
DA:872,0
DA:873,0
DA:874,0
DA:875,0
DA:876,0
DA:877,0
LF:877
LH:79
BRDA:814,0,0,1
BRDA:824,1,0,0
BRDA:829,2,0,0
BRDA:837,3,0,0
BRDA:842,4,0,0
BRDA:851,5,0,0
BRDA:857,6,0,0
BRDA:858,7,0,0
BRF:8
BRH:1
end_of_record
TN:
SF:src\cli.ts
FN:29,loadOtpStore
FN:52,printUsage
FN:80,runCLI
FN:253,main
FNF:4
FNH:2
FNDA:0,loadOtpStore
FNDA:2,printUsage
FNDA:9,runCLI
FNDA:0,main
DA:1,1
DA:2,1
DA:3,1
DA:4,1
DA:5,1
DA:6,1
DA:7,1
DA:8,1
DA:9,1
DA:10,1
DA:11,1
DA:12,1
DA:13,1
DA:14,1
DA:15,1
DA:16,1
DA:17,1
DA:18,1
DA:19,1
DA:20,1
DA:21,1
DA:22,1
DA:23,1
DA:24,1
DA:25,1
DA:26,1
DA:27,1
DA:28,1
DA:29,0
DA:30,0
DA:31,0
DA:32,0
DA:33,0
DA:34,0
DA:35,0
DA:36,0
DA:37,0
DA:38,0
DA:39,0
DA:40,0
DA:41,0
DA:42,0
DA:43,0
DA:44,0
DA:45,1
DA:46,1
DA:47,1
DA:48,1
DA:49,1
DA:50,1
DA:51,1
DA:52,2
DA:53,2
DA:54,2
DA:55,2
DA:56,2
DA:57,2
DA:58,2
DA:59,2
DA:60,2
DA:61,2
DA:62,2
DA:63,2
DA:64,2
DA:65,2
DA:66,2
DA:67,2
DA:68,1
DA:69,1
DA:70,1
DA:71,1
DA:72,1
DA:73,1
DA:74,1
DA:75,1
DA:76,1
DA:77,1
DA:78,1
DA:79,1
DA:80,1
DA:81,9
DA:82,9
DA:83,1
DA:84,1
DA:85,1
DA:86,8
DA:87,8
DA:88,8
DA:89,8
DA:90,8
DA:91,8
DA:92,8
DA:93,8
DA:94,9
DA:95,9
DA:96,9
DA:97,0
DA:98,0
DA:99,0
DA:100,0
DA:101,0
DA:102,0
DA:103,0
DA:104,0
DA:105,0
DA:106,0
DA:107,0
DA:108,0
DA:109,0
DA:110,0
DA:111,0
DA:112,0
DA:113,0
DA:114,0
DA:115,0
DA:116,0
DA:117,0
DA:118,0
DA:119,8
DA:120,9
DA:121,1
DA:122,1
DA:123,1
DA:124,1
DA:125,1
DA:126,1
DA:127,1
DA:128,1
DA:129,1
DA:130,1
DA:131,1
DA:132,1
DA:133,1
DA:134,7
DA:135,9
DA:136,0
DA:137,0
DA:138,0
DA:139,0
DA:140,0
DA:141,0
DA:142,0
DA:143,0
DA:144,0
DA:145,0
DA:146,0
DA:147,0
DA:148,0
DA:149,7
DA:150,9
DA:151,0
DA:152,0
DA:153,0
DA:154,0
DA:155,0
DA:156,0
DA:157,0
DA:158,0
DA:159,0
DA:160,0
DA:161,0
DA:162,0
DA:163,0
DA:164,0
DA:165,0
DA:166,7
DA:167,9
DA:168,0
DA:169,0
DA:170,0
DA:171,0
DA:172,0
DA:173,0
DA:174,0
DA:175,0
DA:176,7
DA:177,9
DA:178,0
DA:179,0
DA:180,0
DA:181,7
DA:182,9
DA:183,4
DA:184,4
DA:185,4
DA:186,4
DA:187,4
DA:188,4
DA:189,4
DA:190,4
DA:191,2
DA:192,1
DA:193,1
DA:194,1
DA:195,3
DA:196,3
DA:197,3
DA:198,3
DA:199,3
DA:200,1
DA:201,0
DA:202,1
DA:203,1
DA:204,1
DA:205,1
DA:206,1
DA:207,2
DA:208,2
DA:209,2
DA:210,1
DA:211,0
DA:212,1
DA:213,1
DA:214,2
DA:215,4
DA:216,2
DA:217,2
DA:218,2
DA:219,2
DA:220,2
DA:221,2
DA:222,2
DA:223,3
DA:224,9
DA:225,2
DA:226,1
DA:227,1
DA:228,1
DA:229,1
DA:230,1
DA:231,1
DA:232,1
DA:233,1
DA:234,1
DA:235,1
DA:236,0
DA:237,0
DA:238,0
DA:239,0
DA:240,1
DA:241,1
DA:242,1
DA:243,1
DA:244,1
DA:245,1
DA:246,1
DA:247,1
DA:248,1
DA:249,1
DA:250,1
DA:251,1
DA:252,1
DA:253,0
DA:254,0
DA:255,0
DA:256,0
DA:257,0
DA:258,0
DA:259,0
DA:260,0
DA:261,0
DA:262,1
DA:263,1
DA:264,0
DA:265,0
LF:265
LH:171
BRDA:263,0,0,0
BRDA:52,1,0,2
BRDA:80,2,0,9
BRDA:81,3,0,0
BRDA:82,4,0,1
BRDA:86,5,0,8
BRDA:94,6,0,1
BRDA:96,7,0,0
BRDA:119,8,0,8
BRDA:120,9,0,1
BRDA:121,10,0,0
BRDA:123,11,0,0
BRDA:131,12,0,0
BRDA:134,13,0,7
BRDA:135,14,0,0
BRDA:149,15,0,7
BRDA:150,16,0,0
BRDA:166,17,0,7
BRDA:167,18,0,0
BRDA:176,19,0,7
BRDA:177,20,0,0
BRDA:181,21,0,7
BRDA:182,22,0,5
BRDA:182,23,0,4
BRDA:188,24,0,2
BRDA:188,25,0,0
BRDA:188,26,0,0
BRDA:189,27,0,1
BRDA:189,28,0,1
BRDA:190,29,0,2
BRDA:191,30,0,1
BRDA:192,31,0,0
BRDA:194,32,0,3
BRDA:196,33,0,1
BRDA:197,34,0,2
BRDA:197,35,0,0
BRDA:197,36,0,0
BRDA:201,37,0,0
BRDA:204,38,0,0
BRDA:206,39,0,2
BRDA:207,40,0,1
BRDA:207,41,0,0
BRDA:211,42,0,0
BRDA:215,43,0,2
BRDA:223,44,0,5
BRDA:223,45,0,3
BRDA:224,46,0,1
BRDA:224,47,0,5
BRDA:224,48,0,2
BRDA:225,49,0,1
BRDA:234,50,0,0
BRDA:243,51,0,1
BRF:52
BRH:32
end_of_record
TN:
SF:src\config.ts
FN:27,readConfig
FN:49,writeConfig
FNF:2
FNH:1
FNDA:8,readConfig
FNDA:0,writeConfig
DA:1,1
DA:2,1
DA:3,1
DA:4,1
DA:5,1
DA:6,1
DA:7,1
DA:8,1
DA:9,1
DA:10,1
DA:11,1
DA:12,1
DA:13,1
DA:14,1
DA:15,1
DA:16,1
DA:17,1
DA:18,1
DA:19,1
DA:20,1
DA:21,1
DA:22,1
DA:23,1
DA:24,1
DA:25,1
DA:26,1
DA:27,1
DA:28,8
DA:29,8
DA:30,8
DA:31,8
DA:32,8
DA:33,0
DA:34,0
DA:35,0
DA:36,8
DA:37,1
DA:38,1
DA:39,1
DA:40,1
DA:41,1
DA:42,1
DA:43,1
DA:44,1
DA:45,1
DA:46,1
DA:47,1
DA:48,1
DA:49,1
DA:50,0
DA:51,0
DA:52,0
DA:53,0
DA:54,0
DA:55,0
DA:56,0
DA:57,0
LF:57
LH:46
BRDA:27,0,0,8
BRDA:29,1,0,0
BRDA:32,2,0,0
BRF:3
BRH:1
end_of_record
TN:
SF:src\handler.ts
FN:97,getRandomFunc
FN:134,isSuspicious
FN:167,getReplyForText
FNF:3
FNH:3
FNDA:1,getRandomFunc
FNDA:6,isSuspicious
FNDA:6,getReplyForText
DA:1,1
DA:2,1
DA:3,1
DA:4,1
DA:5,1
DA:6,1
DA:7,1
DA:8,1
DA:9,1
DA:10,1
DA:11,1
DA:12,1
DA:13,1
DA:14,1
DA:15,1
DA:16,1
DA:17,1
DA:18,1
DA:19,1
DA:20,1
DA:21,1
DA:22,1
DA:23,1
DA:24,1
DA:25,1
DA:26,1
DA:27,1
DA:28,1
DA:29,1
DA:30,1
DA:31,1
DA:32,1
DA:33,1
DA:34,1
DA:35,1
DA:36,1
DA:37,1
DA:38,1
DA:39,1
DA:40,1
DA:41,0
DA:42,0
DA:43,1
DA:44,1
DA:45,1
DA:46,1
DA:47,1
DA:48,1
DA:49,1
DA:50,1
DA:51,1
DA:52,1
DA:53,1
DA:54,1
DA:55,1
DA:56,1
DA:57,1
DA:58,1
DA:59,1
DA:60,1
DA:61,1
DA:62,1
DA:63,1
DA:64,1
DA:65,1
DA:66,1
DA:67,1
DA:68,1
DA:69,1
DA:70,1
DA:71,1
DA:72,1
DA:73,1
DA:74,1
DA:75,1
DA:76,1
DA:77,1
DA:78,1
DA:79,1
DA:80,1
DA:81,1
DA:82,1
DA:83,1
DA:84,1
DA:85,1
DA:86,1
DA:87,1
DA:88,1
DA:89,1
DA:90,1
DA:91,1
DA:92,1
DA:93,1
DA:94,1
DA:95,1
DA:96,1
DA:97,1
DA:98,1
DA:99,0
DA:100,0
DA:101,0
DA:102,0
DA:103,0
DA:104,0
DA:105,0
DA:106,0
DA:107,0
DA:108,0
DA:109,1
DA:110,0
DA:111,0
DA:112,0
DA:113,0
DA:114,0
DA:115,0
DA:116,0
DA:117,0
DA:118,0
DA:119,0
DA:120,1
DA:121,1
DA:122,1
DA:123,1
DA:124,1
DA:125,1
DA:126,1
DA:127,1
DA:128,1
DA:129,1
DA:130,1
DA:131,1
DA:132,1
DA:133,1
DA:134,6
DA:135,6
DA:136,6
DA:137,6
DA:138,6
DA:139,6
DA:140,6
DA:141,6
DA:142,6
DA:143,6
DA:144,6
DA:145,6
DA:146,6
DA:147,6
DA:148,1
DA:149,1
DA:150,1
DA:151,1
DA:152,1
DA:153,1
DA:154,1
DA:155,1
DA:156,1
DA:157,1
DA:158,1
DA:159,1
DA:160,1
DA:161,1
DA:162,1
DA:163,1
DA:164,1
DA:165,1
DA:166,1
DA:167,6
DA:168,6
DA:169,6
DA:170,6
DA:171,6
DA:172,6
DA:173,6
DA:174,6
DA:175,6
DA:176,6
DA:177,6
DA:178,6
DA:179,6
DA:180,6
DA:181,5
DA:182,6
DA:183,4
DA:184,4
DA:185,6
DA:186,1
DA:187,1
DA:188,1
DA:189,1
DA:190,1
DA:191,1
DA:192,3
DA:193,3
DA:194,5
DA:195,3
DA:196,5
DA:197,0
DA:198,0
DA:199,0
DA:200,3
DA:201,3
DA:202,3
DA:203,5
DA:204,3
DA:205,5
DA:206,3
DA:207,5
DA:208,3
DA:209,5
DA:210,3
DA:211,3
DA:212,5
DA:213,3
DA:214,5
DA:215,2
DA:216,2
DA:217,2
DA:218,4
DA:219,1
DA:220,1
DA:221,1
DA:222,1
DA:223,1
DA:224,1
DA:225,1
DA:226,1
DA:227,1
DA:228,1
DA:229,1
DA:230,1
DA:231,1
DA:232,1
DA:233,1
DA:234,1
DA:235,1
DA:236,1
DA:237,1
DA:238,1
DA:239,1
DA:240,1
DA:241,1
DA:242,1
DA:243,1
LF:243
LH:218
BRDA:40,0,0,0
BRDA:48,1,0,0
BRDA:97,2,0,1
BRDA:98,3,0,0
BRDA:109,4,0,0
BRDA:134,5,0,6
BRDA:135,6,0,0
BRDA:137,7,0,0
BRDA:146,8,0,24
BRDA:167,9,0,6
BRDA:168,10,0,0
BRDA:172,11,0,0
BRDA:175,12,0,0
BRDA:180,13,0,1
BRDA:180,14,0,0
BRDA:181,15,0,5
BRDA:182,16,0,1
BRDA:182,17,0,0
BRDA:183,18,0,4
BRDA:185,19,0,1
BRDA:192,20,0,5
BRDA:192,21,0,3
BRDA:194,22,0,0
BRDA:195,23,0,3
BRDA:196,24,0,0
BRDA:200,25,0,3
BRDA:203,26,0,0
BRDA:204,27,0,3
BRDA:205,28,0,0
BRDA:206,29,0,3
BRDA:207,30,0,0
BRDA:208,31,0,3
BRDA:209,32,0,0
BRDA:210,33,0,3
BRDA:212,34,0,0
BRDA:213,35,0,3
BRDA:214,36,0,1
BRDA:214,37,0,0
BRDA:215,38,0,4
BRDA:215,39,0,2
BRDA:218,40,0,1
BRDA:221,41,0,0
BRDA:222,42,0,0
BRDA:224,43,0,0
BRDA:226,44,0,0
BRDA:227,45,0,0
BRDA:227,46,0,0
BRDA:228,47,0,0
BRDA:230,48,0,0
BRDA:238,49,0,0
BRDA:187,50,0,5
BRDA:188,51,0,5
BRDA:189,52,0,5
BRDA:189,53,0,0
BRF:54
BRH:25
end_of_record
TN:
SF:src\logRotation.ts
FN:12,startLogRotationMonitor
FN:20,sendWebhook
FN:38,purgeOldFiles
FN:70,checkOnce
FN:145,stop
FN:149,purgeOldFiles
FNF:6
FNH:6
FNDA:2,startLogRotationMonitor
FNDA:4,sendWebhook
FNDA:4,purgeOldFiles
FNDA:3,checkOnce
FNDA:2,stop
FNDA:1,purgeOldFiles
DA:1,1
DA:2,1
DA:3,1
DA:4,1
DA:5,1
DA:6,1
DA:7,1
DA:8,1
DA:9,1
DA:10,1
DA:11,1
DA:12,2
DA:13,2
DA:14,2
DA:15,2
DA:16,2
DA:17,2
DA:18,2
DA:19,2
DA:20,2
DA:21,4
DA:22,0
DA:23,4
DA:24,4
DA:25,4
DA:26,4
DA:27,4
DA:28,4
DA:29,4
DA:30,0
DA:31,0
DA:32,0
DA:33,0
DA:34,0
DA:35,0
DA:36,4
DA:37,2
DA:38,2
DA:39,4
DA:40,4
DA:41,4
DA:42,4
DA:43,4
DA:44,4
DA:45,4
DA:46,4
DA:47,4
DA:48,4
DA:49,2
DA:50,1
DA:51,1
DA:52,1
DA:53,4
DA:54,1
DA:55,1
DA:56,1
DA:57,1
DA:58,1
DA:59,4
DA:60,4
DA:61,4
DA:62,0
DA:63,0
DA:64,0
DA:65,0
DA:66,0
DA:67,0
DA:68,4
DA:69,2
DA:70,2
DA:71,3
DA:72,3
DA:73,3
DA:74,0
DA:75,0
DA:76,0
DA:77,0
DA:78,0
DA:79,3
DA:80,3
DA:81,3
DA:82,3
DA:83,3
DA:84,3
DA:85,3
DA:86,3
DA:87,3
DA:88,3
DA:89,3
DA:90,3
DA:91,3
DA:92,3
DA:93,3
DA:94,3
DA:95,3
DA:96,3
DA:97,3
DA:98,3
DA:99,3
DA:100,3
DA:101,3
DA:102,4
DA:103,4
DA:104,4
DA:105,4
DA:106,0
DA:107,0
DA:108,0
DA:109,4
DA:110,0
DA:111,0
DA:112,0
DA:113,0
DA:114,0
DA:115,0
DA:116,4
DA:117,0
DA:118,0
DA:119,0
DA:120,0
DA:121,0
DA:122,4
DA:123,3
DA:124,3
DA:125,3
DA:126,3
DA:127,3
DA:128,3
DA:129,0
DA:130,0
DA:131,3
DA:132,3
DA:133,3
DA:134,0
DA:135,0
DA:136,0
DA:137,3
DA:138,2
DA:139,2
DA:140,2
DA:141,2
DA:142,2
DA:143,2
DA:144,2
DA:145,2
DA:146,2
DA:147,2
DA:148,2
DA:149,2
DA:150,2
DA:151,2
LF:151
LH:114
BRDA:12,0,0,2
BRDA:17,1,0,0
BRDA:20,2,0,4
BRDA:22,3,0,0
BRDA:30,4,0,0
BRDA:38,5,0,4
BRDA:43,6,0,4
BRDA:44,7,0,0
BRDA:47,8,0,0
BRDA:48,9,0,2
BRDA:50,10,0,1
BRDA:53,11,0,1
BRDA:56,12,0,0
BRDA:61,13,0,0
BRDA:70,14,0,3
BRDA:72,15,0,0
BRDA:73,16,0,0
BRDA:101,17,0,4
BRDA:104,18,0,0
BRDA:105,19,0,0
BRDA:109,20,0,0
BRDA:116,21,0,0
BRDA:126,22,0,1
BRDA:128,23,0,0
BRDA:133,24,0,0
BRDA:101,25,0,4
BRDA:145,26,0,2
BRDA:149,27,0,1
BRDA:149,28,0,0
BRF:29
BRH:13
end_of_record
TN:
SF:src\logger.ts
FNF:0
FNH:0
DA:1,1
DA:2,1
DA:3,1
DA:4,1
DA:5,1
DA:6,1
DA:7,1
DA:8,1
DA:9,1
DA:10,1
DA:11,1
DA:12,1
DA:13,1
DA:14,1
DA:15,1
DA:16,1
DA:17,1
DA:18,28
DA:19,1
DA:20,1
DA:21,1
DA:22,1
DA:23,1
DA:24,1
DA:25,1
DA:26,1
DA:27,1
DA:28,1
DA:29,1
DA:30,1
DA:31,1
DA:32,1
DA:33,1
DA:34,1
DA:35,1
DA:36,1
DA:37,1
DA:38,1
DA:39,1
DA:40,1
DA:41,1
DA:42,1
DA:43,1
DA:44,1
DA:45,1
DA:46,0
DA:47,0
DA:48,1
DA:49,1
DA:50,1
DA:51,1
DA:52,1
DA:53,1
DA:54,1
DA:55,0
DA:56,0
DA:57,1
DA:58,1
DA:59,1
DA:60,1
DA:61,1
DA:62,1
DA:63,1
DA:64,1
DA:65,1
DA:66,1
DA:67,1
DA:68,1
DA:69,1
DA:70,1
DA:71,0
DA:72,0
DA:73,0
DA:74,0
DA:75,1
DA:76,1
DA:77,1
DA:78,1
DA:79,1
DA:80,1
DA:81,1
DA:82,1
DA:83,1
DA:84,1
DA:85,1
DA:86,1
DA:87,1
DA:88,1
LF:88
LH:80
BRDA:38,0,0,12
BRDA:38,1,0,3
BRDA:39,2,0,12
BRDA:40,3,0,12
BRDA:41,4,0,12
BRDA:42,5,0,12
BRDA:43,6,0,12
BRDA:45,7,0,0
BRDA:53,8,0,2
BRDA:54,9,0,0
BRDA:70,10,0,0
BRDA:17,11,0,28
BRF:12
BRH:9
end_of_record
TN:
SF:src\otpStore.ts
FN:77,EncryptedOtpStore
FN:132,encryptObject
FN:147,decryptObject
FN:164,load
FN:198,save
FN:232,generateNumeric
FN:243,generateAlphanumeric
FN:255,generateHex
FN:267,generateMiniLlm
FN:287,generate
FN:318,recordFailure
FN:347,verify
FN:381,delete
FN:393,cleanup
FN:411,_getMap
FN:415,_getFailures
FN:419,_getJailed
FN:427,listJailed
FN:440,unjail
FNF:19
FNH:11
FNDA:4,EncryptedOtpStore
FNDA:4,encryptObject
FNDA:2,decryptObject
FNDA:3,load
FNDA:8,save
FNDA:3,generateNumeric
FNDA:0,generateAlphanumeric
FNDA:0,generateHex
FNDA:0,generateMiniLlm
FNDA:3,generate
FNDA:3,recordFailure
FNDA:6,verify
FNDA:0,delete
FNDA:1,cleanup
FNDA:0,_getMap
FNDA:0,_getFailures
FNDA:1,_getJailed
FNDA:0,listJailed
FNDA:0,unjail
DA:1,1
DA:2,1
DA:3,1
DA:4,1
DA:5,1
DA:6,1
DA:7,1
DA:8,1
DA:9,1
DA:10,1
DA:11,1
DA:12,1
DA:13,1
DA:14,1
DA:15,1
DA:16,1
DA:17,1
DA:18,1
DA:19,1
DA:20,1
DA:21,1
DA:22,1
DA:23,1
DA:24,1
DA:25,1
DA:26,1
DA:27,1
DA:28,1
DA:29,1
DA:30,1
DA:31,1
DA:32,1
DA:33,1
DA:34,1
DA:35,1
DA:36,1
DA:37,1
DA:38,1
DA:39,1
DA:40,1
DA:41,1
DA:42,1
DA:43,1
DA:44,1
DA:45,1
DA:46,1
DA:47,1
DA:48,1
DA:49,1
DA:50,1
DA:51,1
DA:52,1
DA:53,1
DA:54,1
DA:55,1
DA:56,1
DA:57,1
DA:58,1
DA:59,1
DA:60,1
DA:61,1
DA:62,1
DA:63,1
DA:64,1
DA:65,1
DA:66,1
DA:67,1
DA:68,1
DA:69,1
DA:70,1
DA:71,1
DA:72,1
DA:73,1
DA:74,1
DA:75,1
DA:76,1
DA:77,1
DA:78,4
DA:79,4
DA:80,4
DA:81,4
DA:82,4
DA:83,4
DA:84,4
DA:85,4
DA:86,4
DA:87,4
DA:88,4
DA:89,4
DA:90,4
DA:91,4
DA:92,4
DA:93,4
DA:94,4
DA:95,4
DA:96,4
DA:97,4
DA:98,4
DA:99,4
DA:100,0
DA:101,0
DA:102,0
DA:103,0
DA:104,0
DA:105,0
DA:106,0
DA:107,0
DA:108,0
DA:109,0
DA:110,0
DA:111,0
DA:112,0
DA:113,0
DA:114,0
DA:115,0
DA:116,0
DA:117,0
DA:118,0
DA:119,0
DA:120,0
DA:121,0
DA:122,0
DA:123,4
DA:124,1
DA:125,1
DA:126,1
DA:127,1
DA:128,1
DA:129,1
DA:130,1
DA:131,1
DA:132,1
DA:133,4
DA:134,4
DA:135,4
DA:136,4
DA:137,4
DA:138,4
DA:139,1
DA:140,1
DA:141,1
DA:142,1
DA:143,1
DA:144,1
DA:145,1
DA:146,1
DA:147,1
DA:148,2
DA:149,2
DA:150,2
DA:151,2
DA:152,2
DA:153,2
DA:154,2
DA:155,2
DA:156,2
DA:157,1
DA:158,1
DA:159,1
DA:160,1
DA:161,1
DA:162,1
DA:163,1
DA:164,1
DA:165,3
DA:166,3
DA:167,3
DA:168,3
DA:169,2
DA:170,2
DA:171,3
DA:172,3
DA:173,3
DA:174,2
DA:175,3
DA:176,1
DA:177,1
DA:178,1
DA:179,1
DA:180,1
DA:181,1
DA:182,1
DA:183,0
DA:184,0
DA:185,1
DA:186,0
DA:187,0
DA:188,1
DA:189,1
DA:190,3
DA:191,1
DA:192,1
DA:193,1
DA:194,1
DA:195,1
DA:196,1
DA:197,1
DA:198,1
DA:199,8
DA:200,4
DA:201,4
DA:202,4
DA:203,4
DA:204,4
DA:205,4
DA:206,4
DA:207,4
DA:208,4
DA:209,4
DA:210,4
DA:211,0
DA:212,0
DA:213,0
DA:214,0
DA:215,0
DA:216,0
DA:217,0
DA:218,0
DA:219,0
DA:220,0
DA:221,0
DA:222,0
DA:223,0
DA:224,0
DA:225,8
DA:226,1
DA:227,1
DA:228,1
DA:229,1
DA:230,1
DA:231,1
DA:232,1
DA:233,3
DA:234,3
DA:235,3
DA:236,3
DA:237,1
DA:238,1
DA:239,1
DA:240,1
DA:241,1
DA:242,1
DA:243,1
DA:244,0
DA:245,0
DA:246,0
DA:247,0
DA:248,0
DA:249,1
DA:250,1
DA:251,1
DA:252,1
DA:253,1
DA:254,1
DA:255,1
DA:256,0
DA:257,0
DA:258,0
DA:259,0
DA:260,0
DA:261,1
DA:262,1
DA:263,1
DA:264,1
DA:265,1
DA:266,1
DA:267,1
DA:268,0
DA:269,0
DA:270,0
DA:271,0
DA:272,0
DA:273,0
DA:274,0
DA:275,1
DA:276,1
DA:277,1
DA:278,1
DA:279,1
DA:280,1
DA:281,1
DA:282,1
DA:283,1
DA:284,1
DA:285,1
DA:286,1
DA:287,1
DA:288,3
DA:289,3
DA:290,3
DA:291,3
DA:292,3
DA:293,0
DA:294,0
DA:295,0
DA:296,3
DA:297,3
DA:298,3
DA:299,3
DA:300,0
DA:301,0
DA:302,0
DA:303,3
DA:304,3
DA:305,3
DA:306,3
DA:307,3
DA:308,3
DA:309,3
DA:310,1
DA:311,1
DA:312,1
DA:313,1
DA:314,1
DA:315,1
DA:316,1
DA:317,1
DA:318,1
DA:319,3
DA:320,3
DA:321,3
DA:322,3
DA:323,3
DA:324,3
DA:325,1
DA:326,1
DA:327,1
DA:328,1
DA:329,1
DA:330,1
DA:331,1
DA:332,2
DA:333,2
DA:334,2
DA:335,1
DA:336,1
DA:337,1
DA:338,1
DA:339,1
DA:340,1
DA:341,1
DA:342,1
DA:343,1
DA:344,1
DA:345,1
DA:346,1
DA:347,1
DA:348,6
DA:349,6
DA:350,6
DA:351,1
DA:352,1
DA:353,1
DA:354,5
DA:355,5
DA:356,5
DA:357,6
DA:358,0
DA:359,0
DA:360,0
DA:361,0
DA:362,0
DA:363,5
DA:364,1
DA:365,1
DA:366,1
DA:367,1
DA:368,1
DA:369,1
DA:370,3
DA:371,3
DA:372,3
DA:373,3
DA:374,1
DA:375,1
DA:376,1
DA:377,1
DA:378,1
DA:379,1
DA:380,1
DA:381,1
DA:382,0
DA:383,0
DA:384,0
DA:385,0
DA:386,0
DA:387,1
DA:388,1
DA:389,1
DA:390,1
DA:391,1
DA:392,1
DA:393,1
DA:394,1
DA:395,1
DA:396,1
DA:397,1
DA:398,1
DA:399,1
DA:400,1
DA:401,1
DA:402,1
DA:403,1
DA:404,0
DA:405,0
DA:406,1
DA:407,1
DA:408,1
DA:409,1
DA:410,1
DA:411,1
DA:412,0
DA:413,0
DA:414,1
DA:415,1
DA:416,0
DA:417,0
DA:418,1
DA:419,1
DA:420,1
DA:421,1
DA:422,1
DA:423,1
DA:424,1
DA:425,1
DA:426,1
DA:427,1
DA:428,0
DA:429,0
DA:430,0
DA:431,0
DA:432,1
DA:433,1
DA:434,1
DA:435,1
DA:436,1
DA:437,1
DA:438,1
DA:439,1
DA:440,1
DA:441,0
DA:442,0
DA:443,0
DA:444,0
DA:445,0
DA:446,0
DA:447,0
DA:448,0
DA:449,0
DA:450,0
DA:451,0
DA:452,1
LF:452
LH:357
BRDA:77,0,0,4
BRDA:90,1,0,0
BRDA:91,2,0,0
BRDA:99,3,0,3
BRDA:99,4,0,0
BRDA:132,5,0,4
BRDA:147,6,0,2
BRDA:164,7,0,3
BRDA:165,8,0,0
BRDA:169,9,0,2
BRDA:171,10,0,0
BRDA:171,11,0,1
BRDA:172,12,0,2
BRDA:172,13,0,0
BRDA:172,14,0,0
BRDA:173,15,0,2
BRDA:173,16,0,0
BRDA:173,17,0,0
BRDA:174,18,0,2
BRDA:175,19,0,1
BRDA:181,20,0,0
BRDA:182,21,0,0
BRDA:185,22,0,0
BRDA:198,23,0,8
BRDA:199,24,0,4
BRDA:203,25,0,2
BRDA:204,26,0,0
BRDA:205,27,0,0
BRDA:210,28,0,0
BRDA:232,29,0,3
BRDA:287,30,0,3
BRDA:288,31,0,0
BRDA:292,32,0,0
BRDA:297,33,0,0
BRDA:300,34,0,0
BRDA:318,35,0,3
BRDA:319,36,0,1
BRDA:324,37,0,1
BRDA:332,38,0,2
BRDA:347,39,0,6
BRDA:349,40,0,5
BRDA:350,41,0,1
BRDA:354,42,0,5
BRDA:356,43,0,1
BRDA:357,44,0,4
BRDA:357,45,0,0
BRDA:363,46,0,5
BRDA:363,47,0,4
BRDA:363,48,0,1
BRDA:370,49,0,3
BRDA:393,50,0,1
BRDA:403,51,0,0
BRDA:419,52,0,1
BRF:53
BRH:32
end_of_record
TN:
SF:src\pinoToWinston.ts
FN:50,createPinoCompatibleLogger
FNF:1
FNH:0
FNDA:0,createPinoCompatibleLogger
DA:1,1
DA:2,1
DA:3,1
DA:4,1
DA:5,1
DA:6,1
DA:7,1
DA:8,1
DA:9,1
DA:10,1
DA:11,1
DA:12,1
DA:13,1
DA:14,1
DA:15,1
DA:16,1
DA:17,1
DA:18,1
DA:19,1
DA:20,1
DA:21,1
DA:22,1
DA:23,1
DA:24,1
DA:25,1
DA:26,1
DA:27,1
DA:28,1
DA:29,1
DA:30,1
DA:31,1
DA:32,1
DA:33,1
DA:34,1
DA:35,1
DA:36,1
DA:37,1
DA:38,1
DA:39,1
DA:40,1
DA:41,1
DA:42,1
DA:43,1
DA:44,1
DA:45,1
DA:46,1
DA:47,1
DA:48,1
DA:49,1
DA:50,0
DA:51,0
DA:52,0
DA:53,0
DA:54,0
DA:55,0
DA:56,0
DA:57,0
DA:58,0
DA:59,0
DA:60,0
DA:61,0
DA:62,0
DA:63,0
DA:64,0
DA:65,0
DA:66,0
DA:67,0
DA:68,0
DA:69,0
DA:70,0
DA:71,0
DA:72,0
DA:73,0
DA:74,0
DA:75,0
DA:76,0
DA:77,0
DA:78,0
DA:79,0
DA:80,0
DA:81,0
DA:82,0
DA:83,0
DA:84,0
DA:85,0
DA:86,0
DA:87,0
DA:88,0
DA:89,0
DA:90,0
DA:91,0
DA:92,0
DA:93,0
DA:94,0
DA:95,0
DA:96,0
DA:97,0
DA:98,0
DA:99,0
DA:100,0
DA:101,0
DA:102,0
DA:103,0
DA:104,0
DA:105,0
DA:106,0
DA:107,0
DA:108,0
DA:109,0
DA:110,0
DA:111,0
DA:112,0
DA:113,0
DA:114,0
DA:115,0
DA:116,0
LF:116
LH:49
BRF:0
BRH:0
end_of_record
TN:
SF:src\queues.ts
FNF:0
FNH:0
DA:1,1
DA:2,1
DA:3,1
DA:4,1
DA:5,1
DA:6,1
DA:7,1
DA:8,1
DA:9,1
DA:10,1
DA:11,1
DA:12,1
DA:13,1
DA:14,1
DA:15,1
DA:16,1
DA:17,1
DA:18,1
DA:19,1
DA:20,1
DA:21,1
DA:22,1
DA:23,1
DA:24,1
DA:25,1
DA:26,1
DA:27,1
DA:28,1
DA:29,1
DA:30,1
DA:31,1
DA:32,1
DA:33,1
DA:34,1
DA:35,1
DA:36,1
DA:37,1
DA:38,1
DA:39,1
DA:40,1
DA:41,1
DA:42,1
DA:43,1
DA:44,1
DA:45,1
DA:46,1
DA:47,1
LF:47
LH:47
BRF:0
BRH:0
end_of_record
TN:
SF:src\threads.ts
FN:38,executeTask
FN:78,createQueue
FN:88,checkIdle
FN:102,runNext
FN:128,push
FN:138,size
FN:149,drain
FNF:7
FNH:5
FNDA:0,executeTask
FNDA:50,createQueue
FNDA:22,checkIdle
FNDA:44,runNext
FNDA:24,push
FNDA:0,size
FNDA:3,drain
DA:1,1
DA:2,1
DA:3,1
DA:4,1
DA:5,1
DA:6,1
DA:7,1
DA:8,1
DA:9,1
DA:10,1
DA:11,1
DA:12,1
DA:13,1
DA:14,1
DA:15,1
DA:16,1
DA:17,1
DA:18,1
DA:19,1
DA:20,1
DA:21,1
DA:22,1
DA:23,1
DA:24,1
DA:25,1
DA:26,1
DA:27,1
DA:28,1
DA:29,1
DA:30,1
DA:31,1
DA:32,1
DA:33,1
DA:34,1
DA:35,1
DA:36,1
DA:37,1
DA:38,1
DA:39,0
DA:40,0
DA:41,0
DA:42,0
DA:43,0
DA:44,0
DA:45,0
DA:46,0
DA:47,0
DA:48,0
DA:49,0
DA:50,0
DA:51,0
DA:52,0
DA:53,0
DA:54,0
DA:55,0
DA:56,0
DA:57,0
DA:58,0
DA:59,0
DA:60,0
DA:61,0
DA:62,1
DA:63,1
DA:64,1
DA:65,1
DA:66,1
DA:67,1
DA:68,1
DA:69,1
DA:70,1
DA:71,1
DA:72,1
DA:73,1
DA:74,1
DA:75,1
DA:76,1
DA:77,1
DA:78,50
DA:79,50
DA:80,50
DA:81,50
DA:82,50
DA:83,50
DA:84,50
DA:85,50
DA:86,50
DA:87,50
DA:88,50
DA:89,22
DA:90,13
DA:91,13
DA:92,13
DA:93,13
DA:94,22
DA:95,50
DA:96,50
DA:97,50
DA:98,50
DA:99,50
DA:100,50
DA:101,50
DA:102,50
DA:103,44
DA:104,37
DA:105,37
DA:106,22
DA:107,22
DA:108,22
DA:109,44
DA:110,0
DA:111,44
DA:112,22
DA:113,22
DA:114,22
DA:115,22
DA:116,22
DA:117,22
DA:118,44
DA:119,50
DA:120,50
DA:121,50
DA:122,50
DA:123,50
DA:124,50
DA:125,50
DA:126,50
DA:127,50
DA:128,50
DA:129,24
DA:130,24
DA:131,50
DA:132,50
DA:133,50
DA:134,50
DA:135,50
DA:136,50
DA:137,50
DA:138,50
DA:139,0
DA:140,50
DA:141,50
DA:142,50
DA:143,50
DA:144,50
DA:145,50
DA:146,50
DA:147,50
DA:148,50
DA:149,50
DA:150,3
DA:151,3
DA:152,3
DA:153,3
DA:154,50
DA:155,50
DA:156,50
LF:156
LH:131
BRDA:78,0,0,50
BRDA:88,1,0,22
BRDA:89,2,0,13
BRDA:89,3,0,13
BRDA:92,4,0,3
BRDA:102,5,0,44
BRDA:103,6,0,7
BRDA:104,7,0,37
BRDA:105,8,0,43
BRDA:105,9,0,15
BRDA:106,10,0,22
BRDA:109,11,0,0
BRDA:111,12,0,22
BRDA:113,13,0,22
BRDA:128,14,0,24
BRDA:149,15,0,3
BRDA:150,16,0,0
BRDA:151,17,0,3
BRF:18
BRH:16
end_of_record
TN:
SF:src\commands\roll.ts
FN:33,parseRollCommand
FN:68,rollDice
FN:81,isValidSides
FNF:3
FNH:3
FNDA:5,parseRollCommand
FNDA:5,rollDice
FNDA:5,isValidSides
DA:1,1
DA:2,1
DA:3,1
DA:4,1
DA:5,1
DA:6,1
DA:7,1
DA:8,1
DA:9,1
DA:10,1
DA:11,1
DA:12,1
DA:13,1
DA:14,1
DA:15,1
DA:16,1
DA:17,1
DA:18,1
DA:19,1
DA:20,1
DA:21,1
DA:22,1
DA:23,1
DA:24,1
DA:25,1
DA:26,1
DA:27,1
DA:28,1
DA:29,1
DA:30,1
DA:31,1
DA:32,1
DA:33,5
DA:34,5
DA:35,5
DA:36,5
DA:37,5
DA:38,3
DA:39,3
DA:40,3
DA:41,5
DA:42,5
DA:43,0
DA:44,0
DA:45,0
DA:46,0
DA:47,2
DA:48,5
DA:49,0
DA:50,0
DA:51,0
DA:52,0
DA:53,2
DA:54,2
DA:55,1
DA:56,1
DA:57,1
DA:58,1
DA:59,1
DA:60,1
DA:61,1
DA:62,1
DA:63,1
DA:64,1
DA:65,1
DA:66,1
DA:67,1
DA:68,5
DA:69,5
DA:70,2
DA:71,2
DA:72,1
DA:73,1
DA:74,1
DA:75,1
DA:76,1
DA:77,1
DA:78,1
DA:79,1
DA:80,1
DA:81,5
DA:82,5
DA:83,5
LF:83
LH:75
BRDA:33,0,0,5
BRDA:36,1,0,3
BRDA:37,2,0,4
BRDA:37,3,0,3
BRDA:41,4,0,2
BRDA:42,5,0,0
BRDA:47,6,0,2
BRDA:48,7,0,0
BRDA:53,8,0,2
BRDA:68,9,0,5
BRDA:69,10,0,4
BRDA:69,11,0,3
BRDA:70,12,0,2
BRDA:81,13,0,5
BRDA:82,14,0,4
BRF:15
BRH:13
end_of_record
